This is pdfTeX, Version 3.14159265-2.6-1.40.18 (TeX Live 2017) (preloaded format=pdflatex 2018.8.12)  18 SEP 2018 20:57
entering extended mode
 restricted \write18 enabled.
 %&-line parsing enabled.
**run2391.tex
(./run2391.tex
LaTeX2e <2017-04-15>
Babel <3.9r> and hyphenation patterns for 79 language(s) loaded.
(/usr/share/texlive/texmf-dist/tex/latex/base/article.cls
Document Class: article 2014/09/29 v1.4h Standard LaTeX document class
(/usr/share/texlive/texmf-dist/tex/latex/base/size12.clo
File: size12.clo 2014/09/29 v1.4h Standard LaTeX file (size option)
)
\c@part=\count79
\c@section=\count80
\c@subsection=\count81
\c@subsubsection=\count82
\c@paragraph=\count83
\c@subparagraph=\count84
\c@figure=\count85
\c@table=\count86
\abovecaptionskip=\skip41
\belowcaptionskip=\skip42
\bibindent=\dimen102
)
(/usr/share/texlive/texmf-dist/tex/latex/base/inputenc.sty
Package: inputenc 2015/03/17 v1.2c Input encoding file
\inpenc@prehook=\toks14
\inpenc@posthook=\toks15

(/usr/share/texlive/texmf-dist/tex/latex/base/utf8.def
File: utf8.def 2017/01/28 v1.1t UTF-8 support for inputenc
Now handling font encoding OML ...
... no UTF-8 mapping file for font encoding OML
Now handling font encoding T1 ...
... processing UTF-8 mapping file for font encoding T1

(/usr/share/texlive/texmf-dist/tex/latex/base/t1enc.dfu
File: t1enc.dfu 2017/01/28 v1.1t UTF-8 support for inputenc
   defining Unicode char U+00A0 (decimal 160)
   defining Unicode char U+00A1 (decimal 161)
   defining Unicode char U+00A3 (decimal 163)
   defining Unicode char U+00AB (decimal 171)
   defining Unicode char U+00AD (decimal 173)
   defining Unicode char U+00BB (decimal 187)
   defining Unicode char U+00BF (decimal 191)
   defining Unicode char U+00C0 (decimal 192)
   defining Unicode char U+00C1 (decimal 193)
   defining Unicode char U+00C2 (decimal 194)
   defining Unicode char U+00C3 (decimal 195)
   defining Unicode char U+00C4 (decimal 196)
   defining Unicode char U+00C5 (decimal 197)
   defining Unicode char U+00C6 (decimal 198)
   defining Unicode char U+00C7 (decimal 199)
   defining Unicode char U+00C8 (decimal 200)
   defining Unicode char U+00C9 (decimal 201)
   defining Unicode char U+00CA (decimal 202)
   defining Unicode char U+00CB (decimal 203)
   defining Unicode char U+00CC (decimal 204)
   defining Unicode char U+00CD (decimal 205)
   defining Unicode char U+00CE (decimal 206)
   defining Unicode char U+00CF (decimal 207)
   defining Unicode char U+00D0 (decimal 208)
   defining Unicode char U+00D1 (decimal 209)
   defining Unicode char U+00D2 (decimal 210)
   defining Unicode char U+00D3 (decimal 211)
   defining Unicode char U+00D4 (decimal 212)
   defining Unicode char U+00D5 (decimal 213)
   defining Unicode char U+00D6 (decimal 214)
   defining Unicode char U+00D8 (decimal 216)
   defining Unicode char U+00D9 (decimal 217)
   defining Unicode char U+00DA (decimal 218)
   defining Unicode char U+00DB (decimal 219)
   defining Unicode char U+00DC (decimal 220)
   defining Unicode char U+00DD (decimal 221)
   defining Unicode char U+00DE (decimal 222)
   defining Unicode char U+00DF (decimal 223)
   defining Unicode char U+00E0 (decimal 224)
   defining Unicode char U+00E1 (decimal 225)
   defining Unicode char U+00E2 (decimal 226)
   defining Unicode char U+00E3 (decimal 227)
   defining Unicode char U+00E4 (decimal 228)
   defining Unicode char U+00E5 (decimal 229)
   defining Unicode char U+00E6 (decimal 230)
   defining Unicode char U+00E7 (decimal 231)
   defining Unicode char U+00E8 (decimal 232)
   defining Unicode char U+00E9 (decimal 233)
   defining Unicode char U+00EA (decimal 234)
   defining Unicode char U+00EB (decimal 235)
   defining Unicode char U+00EC (decimal 236)
   defining Unicode char U+00ED (decimal 237)
   defining Unicode char U+00EE (decimal 238)
   defining Unicode char U+00EF (decimal 239)
   defining Unicode char U+00F0 (decimal 240)
   defining Unicode char U+00F1 (decimal 241)
   defining Unicode char U+00F2 (decimal 242)
   defining Unicode char U+00F3 (decimal 243)
   defining Unicode char U+00F4 (decimal 244)
   defining Unicode char U+00F5 (decimal 245)
   defining Unicode char U+00F6 (decimal 246)
   defining Unicode char U+00F8 (decimal 248)
   defining Unicode char U+00F9 (decimal 249)
   defining Unicode char U+00FA (decimal 250)
   defining Unicode char U+00FB (decimal 251)
   defining Unicode char U+00FC (decimal 252)
   defining Unicode char U+00FD (decimal 253)
   defining Unicode char U+00FE (decimal 254)
   defining Unicode char U+00FF (decimal 255)
   defining Unicode char U+0100 (decimal 256)
   defining Unicode char U+0101 (decimal 257)
   defining Unicode char U+0102 (decimal 258)
   defining Unicode char U+0103 (decimal 259)
   defining Unicode char U+0104 (decimal 260)
   defining Unicode char U+0105 (decimal 261)
   defining Unicode char U+0106 (decimal 262)
   defining Unicode char U+0107 (decimal 263)
   defining Unicode char U+0108 (decimal 264)
   defining Unicode char U+0109 (decimal 265)
   defining Unicode char U+010A (decimal 266)
   defining Unicode char U+010B (decimal 267)
   defining Unicode char U+010C (decimal 268)
   defining Unicode char U+010D (decimal 269)
   defining Unicode char U+010E (decimal 270)
   defining Unicode char U+010F (decimal 271)
   defining Unicode char U+0110 (decimal 272)
   defining Unicode char U+0111 (decimal 273)
   defining Unicode char U+0112 (decimal 274)
   defining Unicode char U+0113 (decimal 275)
   defining Unicode char U+0114 (decimal 276)
   defining Unicode char U+0115 (decimal 277)
   defining Unicode char U+0116 (decimal 278)
   defining Unicode char U+0117 (decimal 279)
   defining Unicode char U+0118 (decimal 280)
   defining Unicode char U+0119 (decimal 281)
   defining Unicode char U+011A (decimal 282)
   defining Unicode char U+011B (decimal 283)
   defining Unicode char U+011C (decimal 284)
   defining Unicode char U+011D (decimal 285)
   defining Unicode char U+011E (decimal 286)
   defining Unicode char U+011F (decimal 287)
   defining Unicode char U+0120 (decimal 288)
   defining Unicode char U+0121 (decimal 289)
   defining Unicode char U+0122 (decimal 290)
   defining Unicode char U+0123 (decimal 291)
   defining Unicode char U+0124 (decimal 292)
   defining Unicode char U+0125 (decimal 293)
   defining Unicode char U+0128 (decimal 296)
   defining Unicode char U+0129 (decimal 297)
   defining Unicode char U+012A (decimal 298)
   defining Unicode char U+012B (decimal 299)
   defining Unicode char U+012C (decimal 300)
   defining Unicode char U+012D (decimal 301)
   defining Unicode char U+012E (decimal 302)
   defining Unicode char U+012F (decimal 303)
   defining Unicode char U+0130 (decimal 304)
   defining Unicode char U+0131 (decimal 305)
   defining Unicode char U+0132 (decimal 306)
   defining Unicode char U+0133 (decimal 307)
   defining Unicode char U+0134 (decimal 308)
   defining Unicode char U+0135 (decimal 309)
   defining Unicode char U+0136 (decimal 310)
   defining Unicode char U+0137 (decimal 311)
   defining Unicode char U+0139 (decimal 313)
   defining Unicode char U+013A (decimal 314)
   defining Unicode char U+013B (decimal 315)
   defining Unicode char U+013C (decimal 316)
   defining Unicode char U+013D (decimal 317)
   defining Unicode char U+013E (decimal 318)
   defining Unicode char U+0141 (decimal 321)
   defining Unicode char U+0142 (decimal 322)
   defining Unicode char U+0143 (decimal 323)
   defining Unicode char U+0144 (decimal 324)
   defining Unicode char U+0145 (decimal 325)
   defining Unicode char U+0146 (decimal 326)
   defining Unicode char U+0147 (decimal 327)
   defining Unicode char U+0148 (decimal 328)
   defining Unicode char U+014A (decimal 330)
   defining Unicode char U+014B (decimal 331)
   defining Unicode char U+014C (decimal 332)
   defining Unicode char U+014D (decimal 333)
   defining Unicode char U+014E (decimal 334)
   defining Unicode char U+014F (decimal 335)
   defining Unicode char U+0150 (decimal 336)
   defining Unicode char U+0151 (decimal 337)
   defining Unicode char U+0152 (decimal 338)
   defining Unicode char U+0153 (decimal 339)
   defining Unicode char U+0154 (decimal 340)
   defining Unicode char U+0155 (decimal 341)
   defining Unicode char U+0156 (decimal 342)
   defining Unicode char U+0157 (decimal 343)
   defining Unicode char U+0158 (decimal 344)
   defining Unicode char U+0159 (decimal 345)
   defining Unicode char U+015A (decimal 346)
   defining Unicode char U+015B (decimal 347)
   defining Unicode char U+015C (decimal 348)
   defining Unicode char U+015D (decimal 349)
   defining Unicode char U+015E (decimal 350)
   defining Unicode char U+015F (decimal 351)
   defining Unicode char U+0160 (decimal 352)
   defining Unicode char U+0161 (decimal 353)
   defining Unicode char U+0162 (decimal 354)
   defining Unicode char U+0163 (decimal 355)
   defining Unicode char U+0164 (decimal 356)
   defining Unicode char U+0165 (decimal 357)
   defining Unicode char U+0168 (decimal 360)
   defining Unicode char U+0169 (decimal 361)
   defining Unicode char U+016A (decimal 362)
   defining Unicode char U+016B (decimal 363)
   defining Unicode char U+016C (decimal 364)
   defining Unicode char U+016D (decimal 365)
   defining Unicode char U+016E (decimal 366)
   defining Unicode char U+016F (decimal 367)
   defining Unicode char U+0170 (decimal 368)
   defining Unicode char U+0171 (decimal 369)
   defining Unicode char U+0172 (decimal 370)
   defining Unicode char U+0173 (decimal 371)
   defining Unicode char U+0174 (decimal 372)
   defining Unicode char U+0175 (decimal 373)
   defining Unicode char U+0176 (decimal 374)
   defining Unicode char U+0177 (decimal 375)
   defining Unicode char U+0178 (decimal 376)
   defining Unicode char U+0179 (decimal 377)
   defining Unicode char U+017A (decimal 378)
   defining Unicode char U+017B (decimal 379)
   defining Unicode char U+017C (decimal 380)
   defining Unicode char U+017D (decimal 381)
   defining Unicode char U+017E (decimal 382)
   defining Unicode char U+01CD (decimal 461)
   defining Unicode char U+01CE (decimal 462)
   defining Unicode char U+01CF (decimal 463)
   defining Unicode char U+01D0 (decimal 464)
   defining Unicode char U+01D1 (decimal 465)
   defining Unicode char U+01D2 (decimal 466)
   defining Unicode char U+01D3 (decimal 467)
   defining Unicode char U+01D4 (decimal 468)
   defining Unicode char U+01E2 (decimal 482)
   defining Unicode char U+01E3 (decimal 483)
   defining Unicode char U+01E6 (decimal 486)
   defining Unicode char U+01E7 (decimal 487)
   defining Unicode char U+01E8 (decimal 488)
   defining Unicode char U+01E9 (decimal 489)
   defining Unicode char U+01EA (decimal 490)
   defining Unicode char U+01EB (decimal 491)
   defining Unicode char U+01F0 (decimal 496)
   defining Unicode char U+01F4 (decimal 500)
   defining Unicode char U+01F5 (decimal 501)
   defining Unicode char U+0218 (decimal 536)
   defining Unicode char U+0219 (decimal 537)
   defining Unicode char U+021A (decimal 538)
   defining Unicode char U+021B (decimal 539)
   defining Unicode char U+0232 (decimal 562)
   defining Unicode char U+0233 (decimal 563)
   defining Unicode char U+1E02 (decimal 7682)
   defining Unicode char U+1E03 (decimal 7683)
   defining Unicode char U+200C (decimal 8204)
   defining Unicode char U+2010 (decimal 8208)
   defining Unicode char U+2011 (decimal 8209)
   defining Unicode char U+2012 (decimal 8210)
   defining Unicode char U+2013 (decimal 8211)
   defining Unicode char U+2014 (decimal 8212)
   defining Unicode char U+2015 (decimal 8213)
   defining Unicode char U+2018 (decimal 8216)
   defining Unicode char U+2019 (decimal 8217)
   defining Unicode char U+201A (decimal 8218)
   defining Unicode char U+201C (decimal 8220)
   defining Unicode char U+201D (decimal 8221)
   defining Unicode char U+201E (decimal 8222)
   defining Unicode char U+2030 (decimal 8240)
   defining Unicode char U+2031 (decimal 8241)
   defining Unicode char U+2039 (decimal 8249)
   defining Unicode char U+203A (decimal 8250)
   defining Unicode char U+2423 (decimal 9251)
   defining Unicode char U+1E20 (decimal 7712)
   defining Unicode char U+1E21 (decimal 7713)
)
Now handling font encoding OT1 ...
... processing UTF-8 mapping file for font encoding OT1

(/usr/share/texlive/texmf-dist/tex/latex/base/ot1enc.dfu
File: ot1enc.dfu 2017/01/28 v1.1t UTF-8 support for inputenc
   defining Unicode char U+00A0 (decimal 160)
   defining Unicode char U+00A1 (decimal 161)
   defining Unicode char U+00A3 (decimal 163)
   defining Unicode char U+00AD (decimal 173)
   defining Unicode char U+00B8 (decimal 184)
   defining Unicode char U+00BF (decimal 191)
   defining Unicode char U+00C5 (decimal 197)
   defining Unicode char U+00C6 (decimal 198)
   defining Unicode char U+00D8 (decimal 216)
   defining Unicode char U+00DF (decimal 223)
   defining Unicode char U+00E6 (decimal 230)
   defining Unicode char U+00EC (decimal 236)
   defining Unicode char U+00ED (decimal 237)
   defining Unicode char U+00EE (decimal 238)
   defining Unicode char U+00EF (decimal 239)
   defining Unicode char U+00F8 (decimal 248)
   defining Unicode char U+0131 (decimal 305)
   defining Unicode char U+0141 (decimal 321)
   defining Unicode char U+0142 (decimal 322)
   defining Unicode char U+0152 (decimal 338)
   defining Unicode char U+0153 (decimal 339)
   defining Unicode char U+0174 (decimal 372)
   defining Unicode char U+0175 (decimal 373)
   defining Unicode char U+0176 (decimal 374)
   defining Unicode char U+0177 (decimal 375)
   defining Unicode char U+0218 (decimal 536)
   defining Unicode char U+0219 (decimal 537)
   defining Unicode char U+021A (decimal 538)
   defining Unicode char U+021B (decimal 539)
   defining Unicode char U+2013 (decimal 8211)
   defining Unicode char U+2014 (decimal 8212)
   defining Unicode char U+2018 (decimal 8216)
   defining Unicode char U+2019 (decimal 8217)
   defining Unicode char U+201C (decimal 8220)
   defining Unicode char U+201D (decimal 8221)
)
Now handling font encoding OMS ...
... processing UTF-8 mapping file for font encoding OMS

(/usr/share/texlive/texmf-dist/tex/latex/base/omsenc.dfu
File: omsenc.dfu 2017/01/28 v1.1t UTF-8 support for inputenc
   defining Unicode char U+00A7 (decimal 167)
   defining Unicode char U+00B6 (decimal 182)
   defining Unicode char U+00B7 (decimal 183)
   defining Unicode char U+2020 (decimal 8224)
   defining Unicode char U+2021 (decimal 8225)
   defining Unicode char U+2022 (decimal 8226)
)
Now handling font encoding OMX ...
... no UTF-8 mapping file for font encoding OMX
Now handling font encoding U ...
... no UTF-8 mapping file for font encoding U
   defining Unicode char U+00A9 (decimal 169)
   defining Unicode char U+00AA (decimal 170)
   defining Unicode char U+00AE (decimal 174)
   defining Unicode char U+00BA (decimal 186)
   defining Unicode char U+02C6 (decimal 710)
   defining Unicode char U+02DC (decimal 732)
   defining Unicode char U+200C (decimal 8204)
   defining Unicode char U+2026 (decimal 8230)
   defining Unicode char U+2122 (decimal 8482)
   defining Unicode char U+2423 (decimal 9251)
))
(/usr/share/texlive/texmf-dist/tex/latex/url/url.sty
\Urlmuskip=\muskip10
Package: url 2013/09/16  ver 3.4  Verb mode for urls, etc.
)
(/usr/share/texlive/texmf-dist/tex/latex/geometry/geometry.sty
Package: geometry 2010/09/12 v5.6 Page Geometry

(/usr/share/texlive/texmf-dist/tex/latex/graphics/keyval.sty
Package: keyval 2014/10/28 v1.15 key=value parser (DPC)
\KV@toks@=\toks16
)
(/usr/share/texlive/texmf-dist/tex/generic/oberdiek/ifpdf.sty
Package: ifpdf 2017/03/15 v3.2 Provides the ifpdf switch
)
(/usr/share/texlive/texmf-dist/tex/generic/oberdiek/ifvtex.sty
Package: ifvtex 2016/05/16 v1.6 Detect VTeX and its facilities (HO)
Package ifvtex Info: VTeX not detected.
)
(/usr/share/texlive/texmf-dist/tex/generic/ifxetex/ifxetex.sty
Package: ifxetex 2010/09/12 v0.6 Provides ifxetex conditional
)
\Gm@cnth=\count87
\Gm@cntv=\count88
\c@Gm@tempcnt=\count89
\Gm@bindingoffset=\dimen103
\Gm@wd@mp=\dimen104
\Gm@odd@mp=\dimen105
\Gm@even@mp=\dimen106
\Gm@layoutwidth=\dimen107
\Gm@layoutheight=\dimen108
\Gm@layouthoffset=\dimen109
\Gm@layoutvoffset=\dimen110
\Gm@dimlist=\toks17
)
(/usr/share/texlive/texmf-dist/tex/latex/graphics/graphicx.sty
Package: graphicx 2014/10/28 v1.0g Enhanced LaTeX Graphics (DPC,SPQR)

(/usr/share/texlive/texmf-dist/tex/latex/graphics/graphics.sty
Package: graphics 2016/05/09 v1.0r Standard LaTeX Graphics (DPC,SPQR)

(/usr/share/texlive/texmf-dist/tex/latex/graphics/trig.sty
Package: trig 2016/01/03 v1.10 sin cos tan (DPC)
)
(/usr/share/texlive/texmf-dist/tex/latex/graphics-cfg/graphics.cfg
File: graphics.cfg 2016/01/02 v1.10 sample graphics configuration
)
Package graphics Info: Driver file: pdftex.def on input line 96.

(/usr/share/texlive/texmf-dist/tex/latex/graphics-def/pdftex.def
File: pdftex.def 2016/07/10 v0.06j Graphics/color for pdfTeX

(/usr/share/texlive/texmf-dist/tex/generic/oberdiek/infwarerr.sty
Package: infwarerr 2016/05/16 v1.4 Providing info/warning/error messages (HO)
)
(/usr/share/texlive/texmf-dist/tex/generic/oberdiek/ltxcmds.sty
Package: ltxcmds 2016/05/16 v1.23 LaTeX kernel commands for general use (HO)
)
\Gread@gobject=\count90
))
\Gin@req@height=\dimen111
\Gin@req@width=\dimen112
)
(/usr/share/texlive/texmf-dist/tex/latex/oberdiek/epstopdf.sty
Package: epstopdf 2016/05/15 v2.6 Conversion with epstopdf on the fly (HO)

(/usr/share/texlive/texmf-dist/tex/latex/oberdiek/epstopdf-base.sty
Package: epstopdf-base 2016/05/15 v2.6 Base part for package epstopdf

(/usr/share/texlive/texmf-dist/tex/latex/oberdiek/grfext.sty
Package: grfext 2016/05/16 v1.2 Manage graphics extensions (HO)

(/usr/share/texlive/texmf-dist/tex/generic/oberdiek/kvdefinekeys.sty
Package: kvdefinekeys 2016/05/16 v1.4 Define keys (HO)
))
(/usr/share/texlive/texmf-dist/tex/latex/oberdiek/kvoptions.sty
Package: kvoptions 2016/05/16 v3.12 Key value format for package options (HO)

(/usr/share/texlive/texmf-dist/tex/generic/oberdiek/kvsetkeys.sty
Package: kvsetkeys 2016/05/16 v1.17 Key value parser (HO)

(/usr/share/texlive/texmf-dist/tex/generic/oberdiek/etexcmds.sty
Package: etexcmds 2016/05/16 v1.6 Avoid name clashes with e-TeX commands (HO)

(/usr/share/texlive/texmf-dist/tex/generic/oberdiek/ifluatex.sty
Package: ifluatex 2016/05/16 v1.4 Provides the ifluatex switch (HO)
Package ifluatex Info: LuaTeX not detected.
)
Package etexcmds Info: Could not find \expanded.
(etexcmds)             That can mean that you are not using pdfTeX 1.50 or
(etexcmds)             that some package has redefined \expanded.
(etexcmds)             In the latter case, load this package earlier.
)))
(/usr/share/texlive/texmf-dist/tex/generic/oberdiek/pdftexcmds.sty
Package: pdftexcmds 2017/03/19 v0.25 Utility functions of pdfTeX for LuaTeX (HO
)
Package pdftexcmds Info: LuaTeX not detected.
Package pdftexcmds Info: \pdf@primitive is available.
Package pdftexcmds Info: \pdf@ifprimitive is available.
Package pdftexcmds Info: \pdfdraftmode found.
)
Package epstopdf-base Info: Redefining graphics rule for `.eps' on input line 4
38.
Package grfext Info: Graphics extension search list:
(grfext)             [.png,.pdf,.jpg,.mps,.jpeg,.jbig2,.jb2,.PNG,.PDF,.JPG,.JPE
G,.JBIG2,.JB2,.eps]
(grfext)             \AppendGraphicsExtensions on input line 456.

(/usr/share/texlive/texmf-dist/tex/latex/latexconfig/epstopdf-sys.cfg
File: epstopdf-sys.cfg 2010/07/13 v1.3 Configuration of (r)epstopdf for TeX Liv
e
)))
(/usr/share/texlive/texmf-dist/tex/latex/sectsty/sectsty.sty
Package: sectsty 2002/02/25 v2.0.2 Commands to change all sectional heading sty
les
)
(/usr/share/texlive/texmf-dist/tex/latex/chngcntr/chngcntr.sty
Package: chngcntr 2009/09/02 v1.0a change counter resetting
)
(/usr/share/texlive/texmf-dist/tex/latex/placeins/placeins.sty
Package: placeins 2005/04/18  v 2.2
)
(/usr/share/texlive/texmf-dist/tex/latex/caption/subcaption.sty
Package: subcaption 2016/05/22 v1.1-161 Sub-captions (AR)

(/usr/share/texlive/texmf-dist/tex/latex/caption/caption.sty
Package: caption 2016/02/21 v3.3-144 Customizing captions (AR)

(/usr/share/texlive/texmf-dist/tex/latex/caption/caption3.sty
Package: caption3 2016/05/22 v1.7-166 caption3 kernel (AR)
Package caption3 Info: TeX engine: e-TeX on input line 67.
\captionmargin=\dimen113
\captionmargin@=\dimen114
\captionwidth=\dimen115
\caption@tempdima=\dimen116
\caption@indent=\dimen117
\caption@parindent=\dimen118
\caption@hangindent=\dimen119
)
\c@ContinuedFloat=\count91
)
\c@subfigure=\count92
\c@subtable=\count93
)
(/usr/share/texlive/texmf-dist/tex/latex/amsmath/amsmath.sty
Package: amsmath 2016/06/28 v2.15d AMS math features
\@mathmargin=\skip43

For additional information on amsmath, use the `?' option.
(/usr/share/texlive/texmf-dist/tex/latex/amsmath/amstext.sty
Package: amstext 2000/06/29 v2.01 AMS text

(/usr/share/texlive/texmf-dist/tex/latex/amsmath/amsgen.sty
File: amsgen.sty 1999/11/30 v2.0 generic functions
\@emptytoks=\toks18
\ex@=\dimen120
))
(/usr/share/texlive/texmf-dist/tex/latex/amsmath/amsbsy.sty
Package: amsbsy 1999/11/29 v1.2d Bold Symbols
\pmbraise@=\dimen121
)
(/usr/share/texlive/texmf-dist/tex/latex/amsmath/amsopn.sty
Package: amsopn 2016/03/08 v2.02 operator names
)
\inf@bad=\count94
LaTeX Info: Redefining \frac on input line 199.
\uproot@=\count95
\leftroot@=\count96
LaTeX Info: Redefining \overline on input line 297.
\classnum@=\count97
\DOTSCASE@=\count98
LaTeX Info: Redefining \ldots on input line 394.
LaTeX Info: Redefining \dots on input line 397.
LaTeX Info: Redefining \cdots on input line 518.
\Mathstrutbox@=\box26
\strutbox@=\box27
\big@size=\dimen122
LaTeX Font Info:    Redeclaring font encoding OML on input line 634.
LaTeX Font Info:    Redeclaring font encoding OMS on input line 635.
\macc@depth=\count99
\c@MaxMatrixCols=\count100
\dotsspace@=\muskip11
\c@parentequation=\count101
\dspbrk@lvl=\count102
\tag@help=\toks19
\row@=\count103
\column@=\count104
\maxfields@=\count105
\andhelp@=\toks20
\eqnshift@=\dimen123
\alignsep@=\dimen124
\tagshift@=\dimen125
\tagwidth@=\dimen126
\totwidth@=\dimen127
\lineht@=\dimen128
\@envbody=\toks21
\multlinegap=\skip44
\multlinetaggap=\skip45
\mathdisplay@stack=\toks22
LaTeX Info: Redefining \[ on input line 2739.
LaTeX Info: Redefining \] on input line 2740.
)
(/usr/share/texlive/texmf-dist/tex/latex/tools/longtable.sty
Package: longtable 2014/10/28 v4.11 Multi-page Table package (DPC)
\LTleft=\skip46
\LTright=\skip47
\LTpre=\skip48
\LTpost=\skip49
\LTchunksize=\count106
\LTcapwidth=\dimen129
\LT@head=\box28
\LT@firsthead=\box29
\LT@foot=\box30
\LT@lastfoot=\box31
\LT@cols=\count107
\LT@rows=\count108
\c@LT@tables=\count109
\c@LT@chunks=\count110
\LT@p@ftn=\toks23
)
(/usr/share/texlive/texmf-dist/tex/latex/multirow/multirow.sty
\bigstrutjot=\dimen130
)
(/usr/share/texlive/texmf-dist/tex/latex/graphics/color.sty
Package: color 2016/05/09 v1.1c Standard LaTeX Color (DPC)

(/usr/share/texlive/texmf-dist/tex/latex/graphics-cfg/color.cfg
File: color.cfg 2016/01/02 v1.6 sample color configuration
)
Package color Info: Driver file: pdftex.def on input line 144.
)
(/usr/share/texlive/texmf-dist/tex/latex/lineno/lineno.sty
Package: lineno 2005/11/02 line numbers on paragraphs v4.41
\linenopenalty=\count111
\output=\toks24
\linenoprevgraf=\count112
\linenumbersep=\dimen131
\linenumberwidth=\dimen132
\c@linenumber=\count113
\c@pagewiselinenumber=\count114
\c@LN@truepage=\count115
\c@internallinenumber=\count116
\c@internallinenumbers=\count117
\quotelinenumbersep=\dimen133
\bframerule=\dimen134
\bframesep=\dimen135
\bframebox=\box32
LaTeX Info: Redefining \\ on input line 3056.
)
(/usr/share/texlive/texmf-dist/tex/latex/jknapltx/mathrsfs.sty
Package: mathrsfs 1996/01/01 Math RSFS package v1.0 (jk)
\symrsfs=\mathgroup4
)
(/usr/share/texlive/texmf-dist/tex/latex/tools/tabularx.sty
Package: tabularx 2016/02/03 v2.11 `tabularx' package (DPC)

(/usr/share/texlive/texmf-dist/tex/latex/tools/array.sty
Package: array 2014/10/28 v2.4c Tabular extension package (FMi)
\col@sep=\dimen136
\extrarowheight=\dimen137
\NC@list=\toks25
\extratabsurround=\skip50
\backup@length=\skip51
)
\TX@col@width=\dimen138
\TX@old@table=\dimen139
\TX@old@col=\dimen140
\TX@target=\dimen141
\TX@delta=\dimen142
\TX@cols=\count118
\TX@ftn=\toks26
) (./run2391.aux)
\openout1 = `run2391.aux'.

LaTeX Font Info:    Checking defaults for OML/cmm/m/it on input line 32.
LaTeX Font Info:    ... okay on input line 32.
LaTeX Font Info:    Checking defaults for T1/cmr/m/n on input line 32.
LaTeX Font Info:    ... okay on input line 32.
LaTeX Font Info:    Checking defaults for OT1/cmr/m/n on input line 32.
LaTeX Font Info:    ... okay on input line 32.
LaTeX Font Info:    Checking defaults for OMS/cmsy/m/n on input line 32.
LaTeX Font Info:    ... okay on input line 32.
LaTeX Font Info:    Checking defaults for OMX/cmex/m/n on input line 32.
LaTeX Font Info:    ... okay on input line 32.
LaTeX Font Info:    Checking defaults for U/cmr/m/n on input line 32.
LaTeX Font Info:    ... okay on input line 32.

*geometry* driver: auto-detecting
*geometry* detected driver: pdftex
*geometry* verbose mode - [ preamble ] result:
* driver: pdftex
* paper: letterpaper
* layout: <same size as paper>
* layoutoffset:(h,v)=(0.0pt,0.0pt)
* modes: 
* h-part:(L,W,R)=(72.26999pt, 469.75502pt, 72.26999pt)
* v-part:(T,H,B)=(72.26999pt, 650.43001pt, 72.26999pt)
* \paperwidth=614.295pt
* \paperheight=794.96999pt
* \textwidth=469.75502pt
* \textheight=650.43001pt
* \oddsidemargin=0.0pt
* \evensidemargin=0.0pt
* \topmargin=-37.0pt
* \headheight=12.0pt
* \headsep=25.0pt
* \topskip=12.0pt
* \footskip=30.0pt
* \marginparwidth=44.0pt
* \marginparsep=10.0pt
* \columnsep=10.0pt
* \skip\footins=10.8pt plus 4.0pt minus 2.0pt
* \hoffset=0.0pt
* \voffset=0.0pt
* \mag=1000
* \@twocolumnfalse
* \@twosidefalse
* \@mparswitchfalse
* \@reversemarginfalse
* (1in=72.27pt=25.4mm, 1cm=28.453pt)

(/usr/share/texlive/texmf-dist/tex/context/base/mkii/supp-pdf.mkii
[Loading MPS to PDF converter (version 2006.09.02).]
\scratchcounter=\count119
\scratchdimen=\dimen143
\scratchbox=\box33
\nofMPsegments=\count120
\nofMParguments=\count121
\everyMPshowfont=\toks27
\MPscratchCnt=\count122
\MPscratchDim=\dimen144
\MPnumerator=\count123
\makeMPintoPDFobject=\count124
\everyMPtoPDFconversion=\toks28
)
Package caption Info: Begin \AtBeginDocument code.
Package caption Info: longtable package is loaded.
 (/usr/share/texlive/texmf-dist/tex/latex/caption/ltcaption.sty
Package: ltcaption 2013/06/09 v1.4-94 longtable captions (AR)
)
Package caption Info: End \AtBeginDocument code.
LaTeX Font Info:    Try loading font information for U+rsfs on input line 33.

(/usr/share/texlive/texmf-dist/tex/latex/jknapltx/ursfs.fd
File: ursfs.fd 1998/03/24 rsfs font definition file (jk)
)
<figures/Wep.pdf, id=1, 569.12625pt x 288.07625pt>
File: figures/Wep.pdf Graphic file (type pdf)
 <use figures/Wep.pdf>
Package pdftex.def Info: figures/Wep.pdf used on input line 43.
(pdftex.def)             Requested size: 469.75502pt x 237.7889pt.
Package epstopdf Info: Source file: <figures/Sector1Theta1.eps>
(epstopdf)                    date: 2018-09-18 18:19:05
(epstopdf)                    size: 19990 bytes
(epstopdf)             Output file: <./figures/Sector1Theta1-eps-converted-to.p
df>
(epstopdf)                    date: 2018-09-18 18:19:29
(epstopdf)                    size: 11830 bytes
(epstopdf)             Command: <repstopdf --outfile=./figures/Sector1Theta1-ep
s-converted-to.pdf figures/Sector1Theta1.eps>
(epstopdf)             \includegraphics on input line 53.
Package epstopdf Info: Output file is already uptodate.


pdfTeX warning: /usr/bin/pdflatex (file ./figures/Sector1Theta1-eps-converted-t
o.pdf): PDF inclusion: found PDF version <1.7>, but at most version <1.5> allow
ed

<./figures/Sector1Theta1-eps-converted-to.pdf, id=2, 569.12625pt x 388.45125pt>
File: ./figures/Sector1Theta1-eps-converted-to.pdf Graphic file (type pdf)
<use ./figures/Sector1Theta1-eps-converted-to.pdf>
Package pdftex.def Info: ./figures/Sector1Theta1-eps-converted-to.pdf used on i
nput line 53.
(pdftex.def)             Requested size: 108.405pt x 73.99023pt.

Overfull \hbox (14.45543pt too wide) in paragraph at lines 53--54
[][] 
 []

Package epstopdf Info: Source file: <figures/Sector1Theta2.eps>
(epstopdf)                    date: 2018-09-18 18:19:05
(epstopdf)                    size: 20380 bytes
(epstopdf)             Output file: <./figures/Sector1Theta2-eps-converted-to.p
df>
(epstopdf)                    date: 2018-09-18 18:19:29
(epstopdf)                    size: 11922 bytes
(epstopdf)             Command: <repstopdf --outfile=./figures/Sector1Theta2-ep
s-converted-to.pdf figures/Sector1Theta2.eps>
(epstopdf)             \includegraphics on input line 57.
Package epstopdf Info: Output file is already uptodate.


pdfTeX warning: /usr/bin/pdflatex (file ./figures/Sector1Theta2-eps-converted-t
o.pdf): PDF inclusion: found PDF version <1.7>, but at most version <1.5> allow
ed

<./figures/Sector1Theta2-eps-converted-to.pdf, id=3, 569.12625pt x 388.45125pt>
File: ./figures/Sector1Theta2-eps-converted-to.pdf Graphic file (type pdf)
<use ./figures/Sector1Theta2-eps-converted-to.pdf>
Package pdftex.def Info: ./figures/Sector1Theta2-eps-converted-to.pdf used on i
nput line 57.
(pdftex.def)             Requested size: 108.405pt x 73.99023pt.

Overfull \hbox (14.45543pt too wide) in paragraph at lines 57--58
[][] 
 []

Package epstopdf Info: Source file: <figures/Sector1Theta3.eps>
(epstopdf)                    date: 2018-09-18 18:19:05
(epstopdf)                    size: 19657 bytes
(epstopdf)             Output file: <./figures/Sector1Theta3-eps-converted-to.p
df>
(epstopdf)                    date: 2018-09-18 18:19:30
(epstopdf)                    size: 11817 bytes
(epstopdf)             Command: <repstopdf --outfile=./figures/Sector1Theta3-ep
s-converted-to.pdf figures/Sector1Theta3.eps>
(epstopdf)             \includegraphics on input line 61.
Package epstopdf Info: Output file is already uptodate.


pdfTeX warning: /usr/bin/pdflatex (file ./figures/Sector1Theta3-eps-converted-t
o.pdf): PDF inclusion: found PDF version <1.7>, but at most version <1.5> allow
ed

<./figures/Sector1Theta3-eps-converted-to.pdf, id=4, 569.12625pt x 388.45125pt>
File: ./figures/Sector1Theta3-eps-converted-to.pdf Graphic file (type pdf)
<use ./figures/Sector1Theta3-eps-converted-to.pdf>
Package pdftex.def Info: ./figures/Sector1Theta3-eps-converted-to.pdf used on i
nput line 61.
(pdftex.def)             Requested size: 108.405pt x 73.99023pt.

Overfull \hbox (14.45543pt too wide) in paragraph at lines 61--62
[][] 
 []

Package epstopdf Info: Source file: <figures/Sector1Theta4.eps>
(epstopdf)                    date: 2018-09-18 18:19:05
(epstopdf)                    size: 20428 bytes
(epstopdf)             Output file: <./figures/Sector1Theta4-eps-converted-to.p
df>
(epstopdf)                    date: 2018-09-18 18:19:30
(epstopdf)                    size: 11964 bytes
(epstopdf)             Command: <repstopdf --outfile=./figures/Sector1Theta4-ep
s-converted-to.pdf figures/Sector1Theta4.eps>
(epstopdf)             \includegraphics on input line 65.
Package epstopdf Info: Output file is already uptodate.


pdfTeX warning: /usr/bin/pdflatex (file ./figures/Sector1Theta4-eps-converted-t
o.pdf): PDF inclusion: found PDF version <1.7>, but at most version <1.5> allow
ed

<./figures/Sector1Theta4-eps-converted-to.pdf, id=5, 569.12625pt x 388.45125pt>
File: ./figures/Sector1Theta4-eps-converted-to.pdf Graphic file (type pdf)
<use ./figures/Sector1Theta4-eps-converted-to.pdf>
Package pdftex.def Info: ./figures/Sector1Theta4-eps-converted-to.pdf used on i
nput line 65.
(pdftex.def)             Requested size: 108.405pt x 73.99023pt.

Overfull \hbox (14.45543pt too wide) in paragraph at lines 65--66
[][] 
 []

Package epstopdf Info: Source file: <figures/Sector1Theta5.eps>
(epstopdf)                    date: 2018-09-18 18:19:05
(epstopdf)                    size: 19997 bytes
(epstopdf)             Output file: <./figures/Sector1Theta5-eps-converted-to.p
df>
(epstopdf)                    date: 2018-09-18 18:19:30
(epstopdf)                    size: 11842 bytes
(epstopdf)             Command: <repstopdf --outfile=./figures/Sector1Theta5-ep
s-converted-to.pdf figures/Sector1Theta5.eps>
(epstopdf)             \includegraphics on input line 69.
Package epstopdf Info: Output file is already uptodate.


pdfTeX warning: /usr/bin/pdflatex (file ./figures/Sector1Theta5-eps-converted-t
o.pdf): PDF inclusion: found PDF version <1.7>, but at most version <1.5> allow
ed

<./figures/Sector1Theta5-eps-converted-to.pdf, id=6, 569.12625pt x 388.45125pt>
File: ./figures/Sector1Theta5-eps-converted-to.pdf Graphic file (type pdf)
<use ./figures/Sector1Theta5-eps-converted-to.pdf>
Package pdftex.def Info: ./figures/Sector1Theta5-eps-converted-to.pdf used on i
nput line 69.
(pdftex.def)             Requested size: 108.405pt x 73.99023pt.

Overfull \hbox (14.45543pt too wide) in paragraph at lines 69--70
[][] 
 []

Package epstopdf Info: Source file: <figures/Sector1Theta6.eps>
(epstopdf)                    date: 2018-09-18 18:19:06
(epstopdf)                    size: 19629 bytes
(epstopdf)             Output file: <./figures/Sector1Theta6-eps-converted-to.p
df>
(epstopdf)                    date: 2018-09-18 18:19:31
(epstopdf)                    size: 11661 bytes
(epstopdf)             Command: <repstopdf --outfile=./figures/Sector1Theta6-ep
s-converted-to.pdf figures/Sector1Theta6.eps>
(epstopdf)             \includegraphics on input line 73.
Package epstopdf Info: Output file is already uptodate.


pdfTeX warning: /usr/bin/pdflatex (file ./figures/Sector1Theta6-eps-converted-t
o.pdf): PDF inclusion: found PDF version <1.7>, but at most version <1.5> allow
ed

<./figures/Sector1Theta6-eps-converted-to.pdf, id=7, 569.12625pt x 388.45125pt>
File: ./figures/Sector1Theta6-eps-converted-to.pdf Graphic file (type pdf)
<use ./figures/Sector1Theta6-eps-converted-to.pdf>
Package pdftex.def Info: ./figures/Sector1Theta6-eps-converted-to.pdf used on i
nput line 73.
(pdftex.def)             Requested size: 108.405pt x 73.99023pt.

Overfull \hbox (14.45543pt too wide) in paragraph at lines 73--74
[][] 
 []

Package epstopdf Info: Source file: <figures/Sector1Theta7.eps>
(epstopdf)                    date: 2018-09-18 18:19:06
(epstopdf)                    size: 18543 bytes
(epstopdf)             Output file: <./figures/Sector1Theta7-eps-converted-to.p
df>
(epstopdf)                    date: 2018-09-18 18:19:31
(epstopdf)                    size: 11081 bytes
(epstopdf)             Command: <repstopdf --outfile=./figures/Sector1Theta7-ep
s-converted-to.pdf figures/Sector1Theta7.eps>
(epstopdf)             \includegraphics on input line 77.
Package epstopdf Info: Output file is already uptodate.


pdfTeX warning: /usr/bin/pdflatex (file ./figures/Sector1Theta7-eps-converted-t
o.pdf): PDF inclusion: found PDF version <1.7>, but at most version <1.5> allow
ed

<./figures/Sector1Theta7-eps-converted-to.pdf, id=8, 569.12625pt x 388.45125pt>
File: ./figures/Sector1Theta7-eps-converted-to.pdf Graphic file (type pdf)
<use ./figures/Sector1Theta7-eps-converted-to.pdf>
Package pdftex.def Info: ./figures/Sector1Theta7-eps-converted-to.pdf used on i
nput line 77.
(pdftex.def)             Requested size: 108.405pt x 73.99023pt.

Overfull \hbox (14.45543pt too wide) in paragraph at lines 77--78
[][] 
 []

Package epstopdf Info: Source file: <figures/Sector1Theta8.eps>
(epstopdf)                    date: 2018-09-18 18:19:06
(epstopdf)                    size: 18302 bytes
(epstopdf)             Output file: <./figures/Sector1Theta8-eps-converted-to.p
df>
(epstopdf)                    date: 2018-09-18 18:19:31
(epstopdf)                    size: 10971 bytes
(epstopdf)             Command: <repstopdf --outfile=./figures/Sector1Theta8-ep
s-converted-to.pdf figures/Sector1Theta8.eps>
(epstopdf)             \includegraphics on input line 81.
Package epstopdf Info: Output file is already uptodate.


pdfTeX warning: /usr/bin/pdflatex (file ./figures/Sector1Theta8-eps-converted-t
o.pdf): PDF inclusion: found PDF version <1.7>, but at most version <1.5> allow
ed

<./figures/Sector1Theta8-eps-converted-to.pdf, id=9, 569.12625pt x 388.45125pt>
File: ./figures/Sector1Theta8-eps-converted-to.pdf Graphic file (type pdf)
<use ./figures/Sector1Theta8-eps-converted-to.pdf>
Package pdftex.def Info: ./figures/Sector1Theta8-eps-converted-to.pdf used on i
nput line 81.
(pdftex.def)             Requested size: 108.405pt x 73.99023pt.

Overfull \hbox (14.45543pt too wide) in paragraph at lines 81--82
[][] 
 []

[1

{/usr/share/texlive/texmf-dist/fonts/map/pdftex/updmap/pdftex.map} <./figures/W
ep.pdf, page is rotated 90 degrees>]
Package epstopdf Info: Source file: <figures/Sector2Theta1.eps>
(epstopdf)                    date: 2018-09-18 18:19:06
(epstopdf)                    size: 19935 bytes
(epstopdf)             Output file: <./figures/Sector2Theta1-eps-converted-to.p
df>
(epstopdf)                    date: 2018-09-18 18:19:31
(epstopdf)                    size: 11859 bytes
(epstopdf)             Command: <repstopdf --outfile=./figures/Sector2Theta1-ep
s-converted-to.pdf figures/Sector2Theta1.eps>
(epstopdf)             \includegraphics on input line 92.
Package epstopdf Info: Output file is already uptodate.


pdfTeX warning: /usr/bin/pdflatex (file ./figures/Sector2Theta1-eps-converted-t
o.pdf): PDF inclusion: found PDF version <1.7>, but at most version <1.5> allow
ed

<./figures/Sector2Theta1-eps-converted-to.pdf, id=67, 569.12625pt x 388.45125pt
>
File: ./figures/Sector2Theta1-eps-converted-to.pdf Graphic file (type pdf)
 <use ./figures/Sector2Theta1-eps-converted-to.pdf>
Package pdftex.def Info: ./figures/Sector2Theta1-eps-converted-to.pdf used on i
nput line 92.
(pdftex.def)             Requested size: 108.405pt x 73.99023pt.

Overfull \hbox (14.45543pt too wide) in paragraph at lines 92--93
[][] 
 []

Package epstopdf Info: Source file: <figures/Sector2Theta2.eps>
(epstopdf)                    date: 2018-09-18 18:19:06
(epstopdf)                    size: 19978 bytes
(epstopdf)             Output file: <./figures/Sector2Theta2-eps-converted-to.p
df>
(epstopdf)                    date: 2018-09-18 18:19:32
(epstopdf)                    size: 11987 bytes
(epstopdf)             Command: <repstopdf --outfile=./figures/Sector2Theta2-ep
s-converted-to.pdf figures/Sector2Theta2.eps>
(epstopdf)             \includegraphics on input line 96.
Package epstopdf Info: Output file is already uptodate.


pdfTeX warning: /usr/bin/pdflatex (file ./figures/Sector2Theta2-eps-converted-t
o.pdf): PDF inclusion: found PDF version <1.7>, but at most version <1.5> allow
ed

<./figures/Sector2Theta2-eps-converted-to.pdf, id=68, 569.12625pt x 388.45125pt
>
File: ./figures/Sector2Theta2-eps-converted-to.pdf Graphic file (type pdf)
 <use ./figures/Sector2Theta2-eps-converted-to.pdf>
Package pdftex.def Info: ./figures/Sector2Theta2-eps-converted-to.pdf used on i
nput line 96.
(pdftex.def)             Requested size: 108.405pt x 73.99023pt.

Overfull \hbox (14.45543pt too wide) in paragraph at lines 96--97
[][] 
 []

Package epstopdf Info: Source file: <figures/Sector2Theta3.eps>
(epstopdf)                    date: 2018-09-18 18:19:06
(epstopdf)                    size: 20346 bytes
(epstopdf)             Output file: <./figures/Sector2Theta3-eps-converted-to.p
df>
(epstopdf)                    date: 2018-09-18 18:19:32
(epstopdf)                    size: 11846 bytes
(epstopdf)             Command: <repstopdf --outfile=./figures/Sector2Theta3-ep
s-converted-to.pdf figures/Sector2Theta3.eps>
(epstopdf)             \includegraphics on input line 100.
Package epstopdf Info: Output file is already uptodate.


pdfTeX warning: /usr/bin/pdflatex (file ./figures/Sector2Theta3-eps-converted-t
o.pdf): PDF inclusion: found PDF version <1.7>, but at most version <1.5> allow
ed

<./figures/Sector2Theta3-eps-converted-to.pdf, id=69, 569.12625pt x 388.45125pt
>
File: ./figures/Sector2Theta3-eps-converted-to.pdf Graphic file (type pdf)
 <use ./figures/Sector2Theta3-eps-converted-to.pdf>
Package pdftex.def Info: ./figures/Sector2Theta3-eps-converted-to.pdf used on i
nput line 100.
(pdftex.def)             Requested size: 108.405pt x 73.99023pt.

Overfull \hbox (14.45543pt too wide) in paragraph at lines 100--101
[][] 
 []

Package epstopdf Info: Source file: <figures/Sector2Theta4.eps>
(epstopdf)                    date: 2018-09-18 18:19:06
(epstopdf)                    size: 19913 bytes
(epstopdf)             Output file: <./figures/Sector2Theta4-eps-converted-to.p
df>
(epstopdf)                    date: 2018-09-18 18:19:32
(epstopdf)                    size: 11815 bytes
(epstopdf)             Command: <repstopdf --outfile=./figures/Sector2Theta4-ep
s-converted-to.pdf figures/Sector2Theta4.eps>
(epstopdf)             \includegraphics on input line 104.
Package epstopdf Info: Output file is already uptodate.


pdfTeX warning: /usr/bin/pdflatex (file ./figures/Sector2Theta4-eps-converted-t
o.pdf): PDF inclusion: found PDF version <1.7>, but at most version <1.5> allow
ed

<./figures/Sector2Theta4-eps-converted-to.pdf, id=70, 569.12625pt x 388.45125pt
>
File: ./figures/Sector2Theta4-eps-converted-to.pdf Graphic file (type pdf)
 <use ./figures/Sector2Theta4-eps-converted-to.pdf>
Package pdftex.def Info: ./figures/Sector2Theta4-eps-converted-to.pdf used on i
nput line 104.
(pdftex.def)             Requested size: 108.405pt x 73.99023pt.

Overfull \hbox (14.45543pt too wide) in paragraph at lines 104--105
[][] 
 []

Package epstopdf Info: Source file: <figures/Sector2Theta5.eps>
(epstopdf)                    date: 2018-09-18 18:19:06
(epstopdf)                    size: 20071 bytes
(epstopdf)             Output file: <./figures/Sector2Theta5-eps-converted-to.p
df>
(epstopdf)                    date: 2018-09-18 18:19:33
(epstopdf)                    size: 11731 bytes
(epstopdf)             Command: <repstopdf --outfile=./figures/Sector2Theta5-ep
s-converted-to.pdf figures/Sector2Theta5.eps>
(epstopdf)             \includegraphics on input line 108.
Package epstopdf Info: Output file is already uptodate.


pdfTeX warning: /usr/bin/pdflatex (file ./figures/Sector2Theta5-eps-converted-t
o.pdf): PDF inclusion: found PDF version <1.7>, but at most version <1.5> allow
ed

<./figures/Sector2Theta5-eps-converted-to.pdf, id=71, 569.12625pt x 388.45125pt
>
File: ./figures/Sector2Theta5-eps-converted-to.pdf Graphic file (type pdf)
 <use ./figures/Sector2Theta5-eps-converted-to.pdf>
Package pdftex.def Info: ./figures/Sector2Theta5-eps-converted-to.pdf used on i
nput line 108.
(pdftex.def)             Requested size: 108.405pt x 73.99023pt.

Overfull \hbox (14.45543pt too wide) in paragraph at lines 108--109
[][] 
 []

Package epstopdf Info: Source file: <figures/Sector2Theta6.eps>
(epstopdf)                    date: 2018-09-18 18:19:06
(epstopdf)                    size: 19210 bytes
(epstopdf)             Output file: <./figures/Sector2Theta6-eps-converted-to.p
df>
(epstopdf)                    date: 2018-09-18 18:19:33
(epstopdf)                    size: 11384 bytes
(epstopdf)             Command: <repstopdf --outfile=./figures/Sector2Theta6-ep
s-converted-to.pdf figures/Sector2Theta6.eps>
(epstopdf)             \includegraphics on input line 112.
Package epstopdf Info: Output file is already uptodate.


pdfTeX warning: /usr/bin/pdflatex (file ./figures/Sector2Theta6-eps-converted-t
o.pdf): PDF inclusion: found PDF version <1.7>, but at most version <1.5> allow
ed

<./figures/Sector2Theta6-eps-converted-to.pdf, id=72, 569.12625pt x 388.45125pt
>
File: ./figures/Sector2Theta6-eps-converted-to.pdf Graphic file (type pdf)
 <use ./figures/Sector2Theta6-eps-converted-to.pdf>
Package pdftex.def Info: ./figures/Sector2Theta6-eps-converted-to.pdf used on i
nput line 112.
(pdftex.def)             Requested size: 108.405pt x 73.99023pt.

Overfull \hbox (14.45543pt too wide) in paragraph at lines 112--113
[][] 
 []

Package epstopdf Info: Source file: <figures/Sector2Theta7.eps>
(epstopdf)                    date: 2018-09-18 18:19:07
(epstopdf)                    size: 18984 bytes
(epstopdf)             Output file: <./figures/Sector2Theta7-eps-converted-to.p
df>
(epstopdf)                    date: 2018-09-18 18:19:33
(epstopdf)                    size: 11002 bytes
(epstopdf)             Command: <repstopdf --outfile=./figures/Sector2Theta7-ep
s-converted-to.pdf figures/Sector2Theta7.eps>
(epstopdf)             \includegraphics on input line 116.
Package epstopdf Info: Output file is already uptodate.


pdfTeX warning: /usr/bin/pdflatex (file ./figures/Sector2Theta7-eps-converted-t
o.pdf): PDF inclusion: found PDF version <1.7>, but at most version <1.5> allow
ed

<./figures/Sector2Theta7-eps-converted-to.pdf, id=73, 569.12625pt x 388.45125pt
>
File: ./figures/Sector2Theta7-eps-converted-to.pdf Graphic file (type pdf)
 <use ./figures/Sector2Theta7-eps-converted-to.pdf>
Package pdftex.def Info: ./figures/Sector2Theta7-eps-converted-to.pdf used on i
nput line 116.
(pdftex.def)             Requested size: 108.405pt x 73.99023pt.

Overfull \hbox (14.45543pt too wide) in paragraph at lines 116--117
[][] 
 []

Package epstopdf Info: Source file: <figures/Sector2Theta8.eps>
(epstopdf)                    date: 2018-09-18 18:19:07
(epstopdf)                    size: 17555 bytes
(epstopdf)             Output file: <./figures/Sector2Theta8-eps-converted-to.p
df>
(epstopdf)                    date: 2018-09-18 18:19:33
(epstopdf)                    size: 10554 bytes
(epstopdf)             Command: <repstopdf --outfile=./figures/Sector2Theta8-ep
s-converted-to.pdf figures/Sector2Theta8.eps>
(epstopdf)             \includegraphics on input line 120.
Package epstopdf Info: Output file is already uptodate.


pdfTeX warning: /usr/bin/pdflatex (file ./figures/Sector2Theta8-eps-converted-t
o.pdf): PDF inclusion: found PDF version <1.7>, but at most version <1.5> allow
ed

<./figures/Sector2Theta8-eps-converted-to.pdf, id=74, 569.12625pt x 388.45125pt
>
File: ./figures/Sector2Theta8-eps-converted-to.pdf Graphic file (type pdf)
 <use ./figures/Sector2Theta8-eps-converted-to.pdf>
Package pdftex.def Info: ./figures/Sector2Theta8-eps-converted-to.pdf used on i
nput line 120.
(pdftex.def)             Requested size: 108.405pt x 73.99023pt.

Overfull \hbox (14.45543pt too wide) in paragraph at lines 120--121
[][] 
 []

Package epstopdf Info: Source file: <figures/Sector3Theta1.eps>
(epstopdf)                    date: 2018-09-18 18:19:07
(epstopdf)                    size: 20380 bytes
(epstopdf)             Output file: <./figures/Sector3Theta1-eps-converted-to.p
df>
(epstopdf)                    date: 2018-09-18 18:19:34
(epstopdf)                    size: 11879 bytes
(epstopdf)             Command: <repstopdf --outfile=./figures/Sector3Theta1-ep
s-converted-to.pdf figures/Sector3Theta1.eps>
(epstopdf)             \includegraphics on input line 131.
Package epstopdf Info: Output file is already uptodate.


pdfTeX warning: /usr/bin/pdflatex (file ./figures/Sector3Theta1-eps-converted-t
o.pdf): PDF inclusion: found PDF version <1.7>, but at most version <1.5> allow
ed

<./figures/Sector3Theta1-eps-converted-to.pdf, id=75, 569.12625pt x 388.45125pt
>
File: ./figures/Sector3Theta1-eps-converted-to.pdf Graphic file (type pdf)
 <use ./figures/Sector3Theta1-eps-converted-to.pdf>
Package pdftex.def Info: ./figures/Sector3Theta1-eps-converted-to.pdf used on i
nput line 131.
(pdftex.def)             Requested size: 108.405pt x 73.99023pt.

Overfull \hbox (14.45543pt too wide) in paragraph at lines 131--132
[][] 
 []

Package epstopdf Info: Source file: <figures/Sector3Theta2.eps>
(epstopdf)                    date: 2018-09-18 18:19:07
(epstopdf)                    size: 19711 bytes
(epstopdf)             Output file: <./figures/Sector3Theta2-eps-converted-to.p
df>
(epstopdf)                    date: 2018-09-18 18:19:34
(epstopdf)                    size: 11862 bytes
(epstopdf)             Command: <repstopdf --outfile=./figures/Sector3Theta2-ep
s-converted-to.pdf figures/Sector3Theta2.eps>
(epstopdf)             \includegraphics on input line 135.
Package epstopdf Info: Output file is already uptodate.


pdfTeX warning: /usr/bin/pdflatex (file ./figures/Sector3Theta2-eps-converted-t
o.pdf): PDF inclusion: found PDF version <1.7>, but at most version <1.5> allow
ed

<./figures/Sector3Theta2-eps-converted-to.pdf, id=76, 569.12625pt x 388.45125pt
>
File: ./figures/Sector3Theta2-eps-converted-to.pdf Graphic file (type pdf)
 <use ./figures/Sector3Theta2-eps-converted-to.pdf>
Package pdftex.def Info: ./figures/Sector3Theta2-eps-converted-to.pdf used on i
nput line 135.
(pdftex.def)             Requested size: 108.405pt x 73.99023pt.

Overfull \hbox (14.45543pt too wide) in paragraph at lines 135--136
[][] 
 []

Package epstopdf Info: Source file: <figures/Sector3Theta3.eps>
(epstopdf)                    date: 2018-09-18 18:19:07
(epstopdf)                    size: 20390 bytes
(epstopdf)             Output file: <./figures/Sector3Theta3-eps-converted-to.p
df>
(epstopdf)                    date: 2018-09-18 18:19:34
(epstopdf)                    size: 11981 bytes
(epstopdf)             Command: <repstopdf --outfile=./figures/Sector3Theta3-ep
s-converted-to.pdf figures/Sector3Theta3.eps>
(epstopdf)             \includegraphics on input line 139.
Package epstopdf Info: Output file is already uptodate.


pdfTeX warning: /usr/bin/pdflatex (file ./figures/Sector3Theta3-eps-converted-t
o.pdf): PDF inclusion: found PDF version <1.7>, but at most version <1.5> allow
ed

<./figures/Sector3Theta3-eps-converted-to.pdf, id=77, 569.12625pt x 388.45125pt
>
File: ./figures/Sector3Theta3-eps-converted-to.pdf Graphic file (type pdf)
 <use ./figures/Sector3Theta3-eps-converted-to.pdf>
Package pdftex.def Info: ./figures/Sector3Theta3-eps-converted-to.pdf used on i
nput line 139.
(pdftex.def)             Requested size: 108.405pt x 73.99023pt.

Overfull \hbox (14.45543pt too wide) in paragraph at lines 139--140
[][] 
 []

Package epstopdf Info: Source file: <figures/Sector3Theta4.eps>
(epstopdf)                    date: 2018-09-18 18:19:07
(epstopdf)                    size: 19825 bytes
(epstopdf)             Output file: <./figures/Sector3Theta4-eps-converted-to.p
df>
(epstopdf)                    date: 2018-09-18 18:19:34
(epstopdf)                    size: 11901 bytes
(epstopdf)             Command: <repstopdf --outfile=./figures/Sector3Theta4-ep
s-converted-to.pdf figures/Sector3Theta4.eps>
(epstopdf)             \includegraphics on input line 143.
Package epstopdf Info: Output file is already uptodate.


pdfTeX warning: /usr/bin/pdflatex (file ./figures/Sector3Theta4-eps-converted-t
o.pdf): PDF inclusion: found PDF version <1.7>, but at most version <1.5> allow
ed

<./figures/Sector3Theta4-eps-converted-to.pdf, id=78, 569.12625pt x 388.45125pt
>
File: ./figures/Sector3Theta4-eps-converted-to.pdf Graphic file (type pdf)
 <use ./figures/Sector3Theta4-eps-converted-to.pdf>
Package pdftex.def Info: ./figures/Sector3Theta4-eps-converted-to.pdf used on i
nput line 143.
(pdftex.def)             Requested size: 108.405pt x 73.99023pt.

Overfull \hbox (14.45543pt too wide) in paragraph at lines 143--144
[][] 
 []

Package epstopdf Info: Source file: <figures/Sector3Theta5.eps>
(epstopdf)                    date: 2018-09-18 18:19:07
(epstopdf)                    size: 20274 bytes
(epstopdf)             Output file: <./figures/Sector3Theta5-eps-converted-to.p
df>
(epstopdf)                    date: 2018-09-18 18:19:35
(epstopdf)                    size: 11860 bytes
(epstopdf)             Command: <repstopdf --outfile=./figures/Sector3Theta5-ep
s-converted-to.pdf figures/Sector3Theta5.eps>
(epstopdf)             \includegraphics on input line 147.
Package epstopdf Info: Output file is already uptodate.


pdfTeX warning: /usr/bin/pdflatex (file ./figures/Sector3Theta5-eps-converted-t
o.pdf): PDF inclusion: found PDF version <1.7>, but at most version <1.5> allow
ed

<./figures/Sector3Theta5-eps-converted-to.pdf, id=79, 569.12625pt x 388.45125pt
>
File: ./figures/Sector3Theta5-eps-converted-to.pdf Graphic file (type pdf)
 <use ./figures/Sector3Theta5-eps-converted-to.pdf>
Package pdftex.def Info: ./figures/Sector3Theta5-eps-converted-to.pdf used on i
nput line 147.
(pdftex.def)             Requested size: 108.405pt x 73.99023pt.

Overfull \hbox (14.45543pt too wide) in paragraph at lines 147--148
[][] 
 []

Package epstopdf Info: Source file: <figures/Sector3Theta6.eps>
(epstopdf)                    date: 2018-09-18 18:19:07
(epstopdf)                    size: 20518 bytes
(epstopdf)             Output file: <./figures/Sector3Theta6-eps-converted-to.p
df>
(epstopdf)                    date: 2018-09-18 18:19:35
(epstopdf)                    size: 11862 bytes
(epstopdf)             Command: <repstopdf --outfile=./figures/Sector3Theta6-ep
s-converted-to.pdf figures/Sector3Theta6.eps>
(epstopdf)             \includegraphics on input line 151.
Package epstopdf Info: Output file is already uptodate.


pdfTeX warning: /usr/bin/pdflatex (file ./figures/Sector3Theta6-eps-converted-t
o.pdf): PDF inclusion: found PDF version <1.7>, but at most version <1.5> allow
ed

<./figures/Sector3Theta6-eps-converted-to.pdf, id=80, 569.12625pt x 388.45125pt
>
File: ./figures/Sector3Theta6-eps-converted-to.pdf Graphic file (type pdf)
 <use ./figures/Sector3Theta6-eps-converted-to.pdf>
Package pdftex.def Info: ./figures/Sector3Theta6-eps-converted-to.pdf used on i
nput line 151.
(pdftex.def)             Requested size: 108.405pt x 73.99023pt.

Overfull \hbox (14.45543pt too wide) in paragraph at lines 151--152
[][] 
 []

Package epstopdf Info: Source file: <figures/Sector3Theta7.eps>
(epstopdf)                    date: 2018-09-18 18:19:07
(epstopdf)                    size: 18980 bytes
(epstopdf)             Output file: <./figures/Sector3Theta7-eps-converted-to.p
df>
(epstopdf)                    date: 2018-09-18 18:19:35
(epstopdf)                    size: 11331 bytes
(epstopdf)             Command: <repstopdf --outfile=./figures/Sector3Theta7-ep
s-converted-to.pdf figures/Sector3Theta7.eps>
(epstopdf)             \includegraphics on input line 155.
Package epstopdf Info: Output file is already uptodate.


pdfTeX warning: /usr/bin/pdflatex (file ./figures/Sector3Theta7-eps-converted-t
o.pdf): PDF inclusion: found PDF version <1.7>, but at most version <1.5> allow
ed

<./figures/Sector3Theta7-eps-converted-to.pdf, id=81, 569.12625pt x 388.45125pt
>
File: ./figures/Sector3Theta7-eps-converted-to.pdf Graphic file (type pdf)
 <use ./figures/Sector3Theta7-eps-converted-to.pdf>
Package pdftex.def Info: ./figures/Sector3Theta7-eps-converted-to.pdf used on i
nput line 155.
(pdftex.def)             Requested size: 108.405pt x 73.99023pt.

Overfull \hbox (14.45543pt too wide) in paragraph at lines 155--156
[][] 
 []

Package epstopdf Info: Source file: <figures/Sector3Theta8.eps>
(epstopdf)                    date: 2018-09-18 18:19:08
(epstopdf)                    size: 19257 bytes
(epstopdf)             Output file: <./figures/Sector3Theta8-eps-converted-to.p
df>
(epstopdf)                    date: 2018-09-18 18:19:36
(epstopdf)                    size: 11398 bytes
(epstopdf)             Command: <repstopdf --outfile=./figures/Sector3Theta8-ep
s-converted-to.pdf figures/Sector3Theta8.eps>
(epstopdf)             \includegraphics on input line 159.
Package epstopdf Info: Output file is already uptodate.


pdfTeX warning: /usr/bin/pdflatex (file ./figures/Sector3Theta8-eps-converted-t
o.pdf): PDF inclusion: found PDF version <1.7>, but at most version <1.5> allow
ed

<./figures/Sector3Theta8-eps-converted-to.pdf, id=82, 569.12625pt x 388.45125pt
>
File: ./figures/Sector3Theta8-eps-converted-to.pdf Graphic file (type pdf)
 <use ./figures/Sector3Theta8-eps-converted-to.pdf>
Package pdftex.def Info: ./figures/Sector3Theta8-eps-converted-to.pdf used on i
nput line 159.
(pdftex.def)             Requested size: 108.405pt x 73.99023pt.

Overfull \hbox (14.45543pt too wide) in paragraph at lines 159--160
[][] 
 []


LaTeX Warning: `h' float specifier changed to `ht'.

[2 <./figures/Sector1Theta1-eps-converted-to.pdf> <./figures/Sector1Theta2-eps-
converted-to.pdf> <./figures/Sector1Theta3-eps-converted-to.pdf> <./figures/Sec
tor1Theta4-eps-converted-to.pdf> <./figures/Sector1Theta5-eps-converted-to.pdf>
 <./figures/Sector1Theta6-eps-converted-to.pdf> <./figures/Sector1Theta7-eps-co
nverted-to.pdf> <./figures/Sector1Theta8-eps-converted-to.pdf> <./figures/Secto
r2Theta1-eps-converted-to.pdf> <./figures/Sector2Theta2-eps-converted-to.pdf> <
./figures/Sector2Theta3-eps-converted-to.pdf> <./figures/Sector2Theta4-eps-conv
erted-to.pdf> <./figures/Sector2Theta5-eps-converted-to.pdf> <./figures/Sector2
Theta6-eps-converted-to.pdf> <./figures/Sector2Theta7-eps-converted-to.pdf> <./
figures/Sector2Theta8-eps-converted-to.pdf>]
Package epstopdf Info: Source file: <figures/Sector4Theta1.eps>
(epstopdf)                    date: 2018-09-18 18:19:08
(epstopdf)                    size: 19695 bytes
(epstopdf)             Output file: <./figures/Sector4Theta1-eps-converted-to.p
df>
(epstopdf)                    date: 2018-09-18 18:19:36
(epstopdf)                    size: 11823 bytes
(epstopdf)             Command: <repstopdf --outfile=./figures/Sector4Theta1-ep
s-converted-to.pdf figures/Sector4Theta1.eps>
(epstopdf)             \includegraphics on input line 170.
Package epstopdf Info: Output file is already uptodate.


pdfTeX warning: /usr/bin/pdflatex (file ./figures/Sector4Theta1-eps-converted-t
o.pdf): PDF inclusion: found PDF version <1.7>, but at most version <1.5> allow
ed

<./figures/Sector4Theta1-eps-converted-to.pdf, id=247, 569.12625pt x 388.45125p
t>
File: ./figures/Sector4Theta1-eps-converted-to.pdf Graphic file (type pdf)
 <use ./figures/Sector4Theta1-eps-converted-to.pdf>
Package pdftex.def Info: ./figures/Sector4Theta1-eps-converted-to.pdf used on i
nput line 170.
(pdftex.def)             Requested size: 108.405pt x 73.99023pt.

Overfull \hbox (14.45543pt too wide) in paragraph at lines 170--171
[][] 
 []

Package epstopdf Info: Source file: <figures/Sector4Theta2.eps>
(epstopdf)                    date: 2018-09-18 18:19:08
(epstopdf)                    size: 19941 bytes
(epstopdf)             Output file: <./figures/Sector4Theta2-eps-converted-to.p
df>
(epstopdf)                    date: 2018-09-18 18:19:36
(epstopdf)                    size: 11699 bytes
(epstopdf)             Command: <repstopdf --outfile=./figures/Sector4Theta2-ep
s-converted-to.pdf figures/Sector4Theta2.eps>
(epstopdf)             \includegraphics on input line 174.
Package epstopdf Info: Output file is already uptodate.


pdfTeX warning: /usr/bin/pdflatex (file ./figures/Sector4Theta2-eps-converted-t
o.pdf): PDF inclusion: found PDF version <1.7>, but at most version <1.5> allow
ed

<./figures/Sector4Theta2-eps-converted-to.pdf, id=248, 569.12625pt x 388.45125p
t>
File: ./figures/Sector4Theta2-eps-converted-to.pdf Graphic file (type pdf)
 <use ./figures/Sector4Theta2-eps-converted-to.pdf>
Package pdftex.def Info: ./figures/Sector4Theta2-eps-converted-to.pdf used on i
nput line 174.
(pdftex.def)             Requested size: 108.405pt x 73.99023pt.

Overfull \hbox (14.45543pt too wide) in paragraph at lines 174--175
[][] 
 []

Package epstopdf Info: Source file: <figures/Sector4Theta3.eps>
(epstopdf)                    date: 2018-09-18 18:19:08
(epstopdf)                    size: 19314 bytes
(epstopdf)             Output file: <./figures/Sector4Theta3-eps-converted-to.p
df>
(epstopdf)                    date: 2018-09-18 18:19:36
(epstopdf)                    size: 11594 bytes
(epstopdf)             Command: <repstopdf --outfile=./figures/Sector4Theta3-ep
s-converted-to.pdf figures/Sector4Theta3.eps>
(epstopdf)             \includegraphics on input line 178.
Package epstopdf Info: Output file is already uptodate.


pdfTeX warning: /usr/bin/pdflatex (file ./figures/Sector4Theta3-eps-converted-t
o.pdf): PDF inclusion: found PDF version <1.7>, but at most version <1.5> allow
ed

<./figures/Sector4Theta3-eps-converted-to.pdf, id=249, 569.12625pt x 388.45125p
t>
File: ./figures/Sector4Theta3-eps-converted-to.pdf Graphic file (type pdf)
 <use ./figures/Sector4Theta3-eps-converted-to.pdf>
Package pdftex.def Info: ./figures/Sector4Theta3-eps-converted-to.pdf used on i
nput line 178.
(pdftex.def)             Requested size: 108.405pt x 73.99023pt.

Overfull \hbox (14.45543pt too wide) in paragraph at lines 178--179
[][] 
 []

Package epstopdf Info: Source file: <figures/Sector4Theta4.eps>
(epstopdf)                    date: 2018-09-18 18:19:08
(epstopdf)                    size: 19687 bytes
(epstopdf)             Output file: <./figures/Sector4Theta4-eps-converted-to.p
df>
(epstopdf)                    date: 2018-09-18 18:19:37
(epstopdf)                    size: 11624 bytes
(epstopdf)             Command: <repstopdf --outfile=./figures/Sector4Theta4-ep
s-converted-to.pdf figures/Sector4Theta4.eps>
(epstopdf)             \includegraphics on input line 182.
Package epstopdf Info: Output file is already uptodate.


pdfTeX warning: /usr/bin/pdflatex (file ./figures/Sector4Theta4-eps-converted-t
o.pdf): PDF inclusion: found PDF version <1.7>, but at most version <1.5> allow
ed

<./figures/Sector4Theta4-eps-converted-to.pdf, id=250, 569.12625pt x 388.45125p
t>
File: ./figures/Sector4Theta4-eps-converted-to.pdf Graphic file (type pdf)
 <use ./figures/Sector4Theta4-eps-converted-to.pdf>
Package pdftex.def Info: ./figures/Sector4Theta4-eps-converted-to.pdf used on i
nput line 182.
(pdftex.def)             Requested size: 108.405pt x 73.99023pt.

Overfull \hbox (14.45543pt too wide) in paragraph at lines 182--183
[][] 
 []

Package epstopdf Info: Source file: <figures/Sector4Theta5.eps>
(epstopdf)                    date: 2018-09-18 18:19:08
(epstopdf)                    size: 19245 bytes
(epstopdf)             Output file: <./figures/Sector4Theta5-eps-converted-to.p
df>
(epstopdf)                    date: 2018-09-18 18:19:37
(epstopdf)                    size: 11292 bytes
(epstopdf)             Command: <repstopdf --outfile=./figures/Sector4Theta5-ep
s-converted-to.pdf figures/Sector4Theta5.eps>
(epstopdf)             \includegraphics on input line 186.
Package epstopdf Info: Output file is already uptodate.


pdfTeX warning: /usr/bin/pdflatex (file ./figures/Sector4Theta5-eps-converted-t
o.pdf): PDF inclusion: found PDF version <1.7>, but at most version <1.5> allow
ed

<./figures/Sector4Theta5-eps-converted-to.pdf, id=251, 569.12625pt x 388.45125p
t>
File: ./figures/Sector4Theta5-eps-converted-to.pdf Graphic file (type pdf)
 <use ./figures/Sector4Theta5-eps-converted-to.pdf>
Package pdftex.def Info: ./figures/Sector4Theta5-eps-converted-to.pdf used on i
nput line 186.
(pdftex.def)             Requested size: 108.405pt x 73.99023pt.

Overfull \hbox (14.45543pt too wide) in paragraph at lines 186--187
[][] 
 []

Package epstopdf Info: Source file: <figures/Sector4Theta6.eps>
(epstopdf)                    date: 2018-09-18 18:19:08
(epstopdf)                    size: 19471 bytes
(epstopdf)             Output file: <./figures/Sector4Theta6-eps-converted-to.p
df>
(epstopdf)                    date: 2018-09-18 18:19:37
(epstopdf)                    size: 11297 bytes
(epstopdf)             Command: <repstopdf --outfile=./figures/Sector4Theta6-ep
s-converted-to.pdf figures/Sector4Theta6.eps>
(epstopdf)             \includegraphics on input line 190.
Package epstopdf Info: Output file is already uptodate.


pdfTeX warning: /usr/bin/pdflatex (file ./figures/Sector4Theta6-eps-converted-t
o.pdf): PDF inclusion: found PDF version <1.7>, but at most version <1.5> allow
ed

<./figures/Sector4Theta6-eps-converted-to.pdf, id=252, 569.12625pt x 388.45125p
t>
File: ./figures/Sector4Theta6-eps-converted-to.pdf Graphic file (type pdf)
 <use ./figures/Sector4Theta6-eps-converted-to.pdf>
Package pdftex.def Info: ./figures/Sector4Theta6-eps-converted-to.pdf used on i
nput line 190.
(pdftex.def)             Requested size: 108.405pt x 73.99023pt.

Overfull \hbox (14.45543pt too wide) in paragraph at lines 190--191
[][] 
 []

Package epstopdf Info: Source file: <figures/Sector4Theta7.eps>
(epstopdf)                    date: 2018-09-18 18:19:08
(epstopdf)                    size: 17874 bytes
(epstopdf)             Output file: <./figures/Sector4Theta7-eps-converted-to.p
df>
(epstopdf)                    date: 2018-09-18 18:19:38
(epstopdf)                    size: 10739 bytes
(epstopdf)             Command: <repstopdf --outfile=./figures/Sector4Theta7-ep
s-converted-to.pdf figures/Sector4Theta7.eps>
(epstopdf)             \includegraphics on input line 194.
Package epstopdf Info: Output file is already uptodate.


pdfTeX warning: /usr/bin/pdflatex (file ./figures/Sector4Theta7-eps-converted-t
o.pdf): PDF inclusion: found PDF version <1.7>, but at most version <1.5> allow
ed

<./figures/Sector4Theta7-eps-converted-to.pdf, id=253, 569.12625pt x 388.45125p
t>
File: ./figures/Sector4Theta7-eps-converted-to.pdf Graphic file (type pdf)
 <use ./figures/Sector4Theta7-eps-converted-to.pdf>
Package pdftex.def Info: ./figures/Sector4Theta7-eps-converted-to.pdf used on i
nput line 194.
(pdftex.def)             Requested size: 108.405pt x 73.99023pt.

Overfull \hbox (14.45543pt too wide) in paragraph at lines 194--195
[][] 
 []

Package epstopdf Info: Source file: <figures/Sector4Theta8.eps>
(epstopdf)                    date: 2018-09-18 18:19:09
(epstopdf)                    size: 18743 bytes
(epstopdf)             Output file: <./figures/Sector4Theta8-eps-converted-to.p
df>
(epstopdf)                    date: 2018-09-18 18:19:38
(epstopdf)                    size: 10861 bytes
(epstopdf)             Command: <repstopdf --outfile=./figures/Sector4Theta8-ep
s-converted-to.pdf figures/Sector4Theta8.eps>
(epstopdf)             \includegraphics on input line 198.
Package epstopdf Info: Output file is already uptodate.


pdfTeX warning: /usr/bin/pdflatex (file ./figures/Sector4Theta8-eps-converted-t
o.pdf): PDF inclusion: found PDF version <1.7>, but at most version <1.5> allow
ed

<./figures/Sector4Theta8-eps-converted-to.pdf, id=254, 569.12625pt x 388.45125p
t>
File: ./figures/Sector4Theta8-eps-converted-to.pdf Graphic file (type pdf)
 <use ./figures/Sector4Theta8-eps-converted-to.pdf>
Package pdftex.def Info: ./figures/Sector4Theta8-eps-converted-to.pdf used on i
nput line 198.
(pdftex.def)             Requested size: 108.405pt x 73.99023pt.

Overfull \hbox (14.45543pt too wide) in paragraph at lines 198--199
[][] 
 []

Package epstopdf Info: Source file: <figures/Sector5Theta1.eps>
(epstopdf)                    date: 2018-09-18 18:19:09
(epstopdf)                    size: 20566 bytes
(epstopdf)             Output file: <./figures/Sector5Theta1-eps-converted-to.p
df>
(epstopdf)                    date: 2018-09-18 18:19:38
(epstopdf)                    size: 12014 bytes
(epstopdf)             Command: <repstopdf --outfile=./figures/Sector5Theta1-ep
s-converted-to.pdf figures/Sector5Theta1.eps>
(epstopdf)             \includegraphics on input line 209.
Package epstopdf Info: Output file is already uptodate.


pdfTeX warning: /usr/bin/pdflatex (file ./figures/Sector5Theta1-eps-converted-t
o.pdf): PDF inclusion: found PDF version <1.7>, but at most version <1.5> allow
ed

<./figures/Sector5Theta1-eps-converted-to.pdf, id=255, 569.12625pt x 388.45125p
t>
File: ./figures/Sector5Theta1-eps-converted-to.pdf Graphic file (type pdf)
 <use ./figures/Sector5Theta1-eps-converted-to.pdf>
Package pdftex.def Info: ./figures/Sector5Theta1-eps-converted-to.pdf used on i
nput line 209.
(pdftex.def)             Requested size: 108.405pt x 73.99023pt.

Overfull \hbox (14.45543pt too wide) in paragraph at lines 209--210
[][] 
 []

Package epstopdf Info: Source file: <figures/Sector5Theta2.eps>
(epstopdf)                    date: 2018-09-18 18:19:09
(epstopdf)                    size: 19776 bytes
(epstopdf)             Output file: <./figures/Sector5Theta2-eps-converted-to.p
df>
(epstopdf)                    date: 2018-09-18 18:19:38
(epstopdf)                    size: 11839 bytes
(epstopdf)             Command: <repstopdf --outfile=./figures/Sector5Theta2-ep
s-converted-to.pdf figures/Sector5Theta2.eps>
(epstopdf)             \includegraphics on input line 213.
Package epstopdf Info: Output file is already uptodate.


pdfTeX warning: /usr/bin/pdflatex (file ./figures/Sector5Theta2-eps-converted-t
o.pdf): PDF inclusion: found PDF version <1.7>, but at most version <1.5> allow
ed

<./figures/Sector5Theta2-eps-converted-to.pdf, id=256, 569.12625pt x 388.45125p
t>
File: ./figures/Sector5Theta2-eps-converted-to.pdf Graphic file (type pdf)
 <use ./figures/Sector5Theta2-eps-converted-to.pdf>
Package pdftex.def Info: ./figures/Sector5Theta2-eps-converted-to.pdf used on i
nput line 213.
(pdftex.def)             Requested size: 108.405pt x 73.99023pt.

Overfull \hbox (14.45543pt too wide) in paragraph at lines 213--214
[][] 
 []

Package epstopdf Info: Source file: <figures/Sector5Theta3.eps>
(epstopdf)                    date: 2018-09-18 18:19:09
(epstopdf)                    size: 20276 bytes
(epstopdf)             Output file: <./figures/Sector5Theta3-eps-converted-to.p
df>
(epstopdf)                    date: 2018-09-18 18:19:39
(epstopdf)                    size: 12024 bytes
(epstopdf)             Command: <repstopdf --outfile=./figures/Sector5Theta3-ep
s-converted-to.pdf figures/Sector5Theta3.eps>
(epstopdf)             \includegraphics on input line 217.
Package epstopdf Info: Output file is already uptodate.


pdfTeX warning: /usr/bin/pdflatex (file ./figures/Sector5Theta3-eps-converted-t
o.pdf): PDF inclusion: found PDF version <1.7>, but at most version <1.5> allow
ed

<./figures/Sector5Theta3-eps-converted-to.pdf, id=257, 569.12625pt x 388.45125p
t>
File: ./figures/Sector5Theta3-eps-converted-to.pdf Graphic file (type pdf)
 <use ./figures/Sector5Theta3-eps-converted-to.pdf>
Package pdftex.def Info: ./figures/Sector5Theta3-eps-converted-to.pdf used on i
nput line 217.
(pdftex.def)             Requested size: 108.405pt x 73.99023pt.

Overfull \hbox (14.45543pt too wide) in paragraph at lines 217--218
[][] 
 []

Package epstopdf Info: Source file: <figures/Sector5Theta4.eps>
(epstopdf)                    date: 2018-09-18 18:19:09
(epstopdf)                    size: 19835 bytes
(epstopdf)             Output file: <./figures/Sector5Theta4-eps-converted-to.p
df>
(epstopdf)                    date: 2018-09-18 18:19:39
(epstopdf)                    size: 11881 bytes
(epstopdf)             Command: <repstopdf --outfile=./figures/Sector5Theta4-ep
s-converted-to.pdf figures/Sector5Theta4.eps>
(epstopdf)             \includegraphics on input line 221.
Package epstopdf Info: Output file is already uptodate.


pdfTeX warning: /usr/bin/pdflatex (file ./figures/Sector5Theta4-eps-converted-t
o.pdf): PDF inclusion: found PDF version <1.7>, but at most version <1.5> allow
ed

<./figures/Sector5Theta4-eps-converted-to.pdf, id=258, 569.12625pt x 388.45125p
t>
File: ./figures/Sector5Theta4-eps-converted-to.pdf Graphic file (type pdf)
 <use ./figures/Sector5Theta4-eps-converted-to.pdf>
Package pdftex.def Info: ./figures/Sector5Theta4-eps-converted-to.pdf used on i
nput line 221.
(pdftex.def)             Requested size: 108.405pt x 73.99023pt.

Overfull \hbox (14.45543pt too wide) in paragraph at lines 221--222
[][] 
 []

Package epstopdf Info: Source file: <figures/Sector5Theta5.eps>
(epstopdf)                    date: 2018-09-18 18:19:09
(epstopdf)                    size: 20324 bytes
(epstopdf)             Output file: <./figures/Sector5Theta5-eps-converted-to.p
df>
(epstopdf)                    date: 2018-09-18 18:19:39
(epstopdf)                    size: 11830 bytes
(epstopdf)             Command: <repstopdf --outfile=./figures/Sector5Theta5-ep
s-converted-to.pdf figures/Sector5Theta5.eps>
(epstopdf)             \includegraphics on input line 225.
Package epstopdf Info: Output file is already uptodate.


pdfTeX warning: /usr/bin/pdflatex (file ./figures/Sector5Theta5-eps-converted-t
o.pdf): PDF inclusion: found PDF version <1.7>, but at most version <1.5> allow
ed

<./figures/Sector5Theta5-eps-converted-to.pdf, id=259, 569.12625pt x 388.45125p
t>
File: ./figures/Sector5Theta5-eps-converted-to.pdf Graphic file (type pdf)
 <use ./figures/Sector5Theta5-eps-converted-to.pdf>
Package pdftex.def Info: ./figures/Sector5Theta5-eps-converted-to.pdf used on i
nput line 225.
(pdftex.def)             Requested size: 108.405pt x 73.99023pt.

Overfull \hbox (14.45543pt too wide) in paragraph at lines 225--226
[][] 
 []

Package epstopdf Info: Source file: <figures/Sector5Theta6.eps>
(epstopdf)                    date: 2018-09-18 18:19:09
(epstopdf)                    size: 19651 bytes
(epstopdf)             Output file: <./figures/Sector5Theta6-eps-converted-to.p
df>
(epstopdf)                    date: 2018-09-18 18:19:39
(epstopdf)                    size: 11542 bytes
(epstopdf)             Command: <repstopdf --outfile=./figures/Sector5Theta6-ep
s-converted-to.pdf figures/Sector5Theta6.eps>
(epstopdf)             \includegraphics on input line 229.
Package epstopdf Info: Output file is already uptodate.


pdfTeX warning: /usr/bin/pdflatex (file ./figures/Sector5Theta6-eps-converted-t
o.pdf): PDF inclusion: found PDF version <1.7>, but at most version <1.5> allow
ed

<./figures/Sector5Theta6-eps-converted-to.pdf, id=260, 569.12625pt x 388.45125p
t>
File: ./figures/Sector5Theta6-eps-converted-to.pdf Graphic file (type pdf)
 <use ./figures/Sector5Theta6-eps-converted-to.pdf>
Package pdftex.def Info: ./figures/Sector5Theta6-eps-converted-to.pdf used on i
nput line 229.
(pdftex.def)             Requested size: 108.405pt x 73.99023pt.

Overfull \hbox (14.45543pt too wide) in paragraph at lines 229--230
[][] 
 []

Package epstopdf Info: Source file: <figures/Sector5Theta7.eps>
(epstopdf)                    date: 2018-09-18 18:19:09
(epstopdf)                    size: 18649 bytes
(epstopdf)             Output file: <./figures/Sector5Theta7-eps-converted-to.p
df>
(epstopdf)                    date: 2018-09-18 18:19:40
(epstopdf)                    size: 11196 bytes
(epstopdf)             Command: <repstopdf --outfile=./figures/Sector5Theta7-ep
s-converted-to.pdf figures/Sector5Theta7.eps>
(epstopdf)             \includegraphics on input line 233.
Package epstopdf Info: Output file is already uptodate.


pdfTeX warning: /usr/bin/pdflatex (file ./figures/Sector5Theta7-eps-converted-t
o.pdf): PDF inclusion: found PDF version <1.7>, but at most version <1.5> allow
ed

<./figures/Sector5Theta7-eps-converted-to.pdf, id=261, 569.12625pt x 388.45125p
t>
File: ./figures/Sector5Theta7-eps-converted-to.pdf Graphic file (type pdf)
 <use ./figures/Sector5Theta7-eps-converted-to.pdf>
Package pdftex.def Info: ./figures/Sector5Theta7-eps-converted-to.pdf used on i
nput line 233.
(pdftex.def)             Requested size: 108.405pt x 73.99023pt.

Overfull \hbox (14.45543pt too wide) in paragraph at lines 233--234
[][] 
 []

Package epstopdf Info: Source file: <figures/Sector5Theta8.eps>
(epstopdf)                    date: 2018-09-18 18:19:10
(epstopdf)                    size: 19585 bytes
(epstopdf)             Output file: <./figures/Sector5Theta8-eps-converted-to.p
df>
(epstopdf)                    date: 2018-09-18 18:19:40
(epstopdf)                    size: 11180 bytes
(epstopdf)             Command: <repstopdf --outfile=./figures/Sector5Theta8-ep
s-converted-to.pdf figures/Sector5Theta8.eps>
(epstopdf)             \includegraphics on input line 237.
Package epstopdf Info: Output file is already uptodate.


pdfTeX warning: /usr/bin/pdflatex (file ./figures/Sector5Theta8-eps-converted-t
o.pdf): PDF inclusion: found PDF version <1.7>, but at most version <1.5> allow
ed

<./figures/Sector5Theta8-eps-converted-to.pdf, id=262, 569.12625pt x 388.45125p
t>
File: ./figures/Sector5Theta8-eps-converted-to.pdf Graphic file (type pdf)
 <use ./figures/Sector5Theta8-eps-converted-to.pdf>
Package pdftex.def Info: ./figures/Sector5Theta8-eps-converted-to.pdf used on i
nput line 237.
(pdftex.def)             Requested size: 108.405pt x 73.99023pt.

Overfull \hbox (14.45543pt too wide) in paragraph at lines 237--238
[][] 
 []


LaTeX Warning: `h' float specifier changed to `ht'.

[3 <./figures/Sector3Theta1-eps-converted-to.pdf> <./figures/Sector3Theta2-eps-
converted-to.pdf> <./figures/Sector3Theta3-eps-converted-to.pdf> <./figures/Sec
tor3Theta4-eps-converted-to.pdf> <./figures/Sector3Theta5-eps-converted-to.pdf>
 <./figures/Sector3Theta6-eps-converted-to.pdf> <./figures/Sector3Theta7-eps-co
nverted-to.pdf> <./figures/Sector3Theta8-eps-converted-to.pdf> <./figures/Secto
r4Theta1-eps-converted-to.pdf> <./figures/Sector4Theta2-eps-converted-to.pdf> <
./figures/Sector4Theta3-eps-converted-to.pdf> <./figures/Sector4Theta4-eps-conv
erted-to.pdf> <./figures/Sector4Theta5-eps-converted-to.pdf> <./figures/Sector4
Theta6-eps-converted-to.pdf> <./figures/Sector4Theta7-eps-converted-to.pdf> <./
figures/Sector4Theta8-eps-converted-to.pdf>]
Package epstopdf Info: Source file: <figures/Sector6Theta1.eps>
(epstopdf)                    date: 2018-09-18 18:19:10
(epstopdf)                    size: 19678 bytes
(epstopdf)             Output file: <./figures/Sector6Theta1-eps-converted-to.p
df>
(epstopdf)                    date: 2018-09-18 18:19:40
(epstopdf)                    size: 11744 bytes
(epstopdf)             Command: <repstopdf --outfile=./figures/Sector6Theta1-ep
s-converted-to.pdf figures/Sector6Theta1.eps>
(epstopdf)             \includegraphics on input line 248.
Package epstopdf Info: Output file is already uptodate.


pdfTeX warning: /usr/bin/pdflatex (file ./figures/Sector6Theta1-eps-converted-t
o.pdf): PDF inclusion: found PDF version <1.7>, but at most version <1.5> allow
ed

<./figures/Sector6Theta1-eps-converted-to.pdf, id=427, 569.12625pt x 388.45125p
t>
File: ./figures/Sector6Theta1-eps-converted-to.pdf Graphic file (type pdf)
 <use ./figures/Sector6Theta1-eps-converted-to.pdf>
Package pdftex.def Info: ./figures/Sector6Theta1-eps-converted-to.pdf used on i
nput line 248.
(pdftex.def)             Requested size: 108.405pt x 73.99023pt.

Overfull \hbox (14.45543pt too wide) in paragraph at lines 248--249
[][] 
 []

Package epstopdf Info: Source file: <figures/Sector6Theta2.eps>
(epstopdf)                    date: 2018-09-18 18:19:10
(epstopdf)                    size: 20223 bytes
(epstopdf)             Output file: <./figures/Sector6Theta2-eps-converted-to.p
df>
(epstopdf)                    date: 2018-09-18 18:19:41
(epstopdf)                    size: 11727 bytes
(epstopdf)             Command: <repstopdf --outfile=./figures/Sector6Theta2-ep
s-converted-to.pdf figures/Sector6Theta2.eps>
(epstopdf)             \includegraphics on input line 252.
Package epstopdf Info: Output file is already uptodate.


pdfTeX warning: /usr/bin/pdflatex (file ./figures/Sector6Theta2-eps-converted-t
o.pdf): PDF inclusion: found PDF version <1.7>, but at most version <1.5> allow
ed

<./figures/Sector6Theta2-eps-converted-to.pdf, id=428, 569.12625pt x 388.45125p
t>
File: ./figures/Sector6Theta2-eps-converted-to.pdf Graphic file (type pdf)
 <use ./figures/Sector6Theta2-eps-converted-to.pdf>
Package pdftex.def Info: ./figures/Sector6Theta2-eps-converted-to.pdf used on i
nput line 252.
(pdftex.def)             Requested size: 108.405pt x 73.99023pt.

Overfull \hbox (14.45543pt too wide) in paragraph at lines 252--253
[][] 
 []

Package epstopdf Info: Source file: <figures/Sector6Theta3.eps>
(epstopdf)                    date: 2018-09-18 18:19:10
(epstopdf)                    size: 20002 bytes
(epstopdf)             Output file: <./figures/Sector6Theta3-eps-converted-to.p
df>
(epstopdf)                    date: 2018-09-18 18:19:41
(epstopdf)                    size: 11787 bytes
(epstopdf)             Command: <repstopdf --outfile=./figures/Sector6Theta3-ep
s-converted-to.pdf figures/Sector6Theta3.eps>
(epstopdf)             \includegraphics on input line 256.
Package epstopdf Info: Output file is already uptodate.


pdfTeX warning: /usr/bin/pdflatex (file ./figures/Sector6Theta3-eps-converted-t
o.pdf): PDF inclusion: found PDF version <1.7>, but at most version <1.5> allow
ed

<./figures/Sector6Theta3-eps-converted-to.pdf, id=429, 569.12625pt x 388.45125p
t>
File: ./figures/Sector6Theta3-eps-converted-to.pdf Graphic file (type pdf)
 <use ./figures/Sector6Theta3-eps-converted-to.pdf>
Package pdftex.def Info: ./figures/Sector6Theta3-eps-converted-to.pdf used on i
nput line 256.
(pdftex.def)             Requested size: 108.405pt x 73.99023pt.

Overfull \hbox (14.45543pt too wide) in paragraph at lines 256--257
[][] 
 []

Package epstopdf Info: Source file: <figures/Sector6Theta4.eps>
(epstopdf)                    date: 2018-09-18 18:19:10
(epstopdf)                    size: 19719 bytes
(epstopdf)             Output file: <./figures/Sector6Theta4-eps-converted-to.p
df>
(epstopdf)                    date: 2018-09-18 18:19:41
(epstopdf)                    size: 11713 bytes
(epstopdf)             Command: <repstopdf --outfile=./figures/Sector6Theta4-ep
s-converted-to.pdf figures/Sector6Theta4.eps>
(epstopdf)             \includegraphics on input line 260.
Package epstopdf Info: Output file is already uptodate.


pdfTeX warning: /usr/bin/pdflatex (file ./figures/Sector6Theta4-eps-converted-t
o.pdf): PDF inclusion: found PDF version <1.7>, but at most version <1.5> allow
ed

<./figures/Sector6Theta4-eps-converted-to.pdf, id=430, 569.12625pt x 388.45125p
t>
File: ./figures/Sector6Theta4-eps-converted-to.pdf Graphic file (type pdf)
 <use ./figures/Sector6Theta4-eps-converted-to.pdf>
Package pdftex.def Info: ./figures/Sector6Theta4-eps-converted-to.pdf used on i
nput line 260.
(pdftex.def)             Requested size: 108.405pt x 73.99023pt.

Overfull \hbox (14.45543pt too wide) in paragraph at lines 260--261
[][] 
 []

Package epstopdf Info: Source file: <figures/Sector6Theta5.eps>
(epstopdf)                    date: 2018-09-18 18:19:10
(epstopdf)                    size: 20039 bytes
(epstopdf)             Output file: <./figures/Sector6Theta5-eps-converted-to.p
df>
(epstopdf)                    date: 2018-09-18 18:19:41
(epstopdf)                    size: 11732 bytes
(epstopdf)             Command: <repstopdf --outfile=./figures/Sector6Theta5-ep
s-converted-to.pdf figures/Sector6Theta5.eps>
(epstopdf)             \includegraphics on input line 264.
Package epstopdf Info: Output file is already uptodate.


pdfTeX warning: /usr/bin/pdflatex (file ./figures/Sector6Theta5-eps-converted-t
o.pdf): PDF inclusion: found PDF version <1.7>, but at most version <1.5> allow
ed

<./figures/Sector6Theta5-eps-converted-to.pdf, id=431, 569.12625pt x 388.45125p
t>
File: ./figures/Sector6Theta5-eps-converted-to.pdf Graphic file (type pdf)
 <use ./figures/Sector6Theta5-eps-converted-to.pdf>
Package pdftex.def Info: ./figures/Sector6Theta5-eps-converted-to.pdf used on i
nput line 264.
(pdftex.def)             Requested size: 108.405pt x 73.99023pt.

Overfull \hbox (14.45543pt too wide) in paragraph at lines 264--265
[][] 
 []

Package epstopdf Info: Source file: <figures/Sector6Theta6.eps>
(epstopdf)                    date: 2018-09-18 18:19:10
(epstopdf)                    size: 18841 bytes
(epstopdf)             Output file: <./figures/Sector6Theta6-eps-converted-to.p
df>
(epstopdf)                    date: 2018-09-18 18:19:42
(epstopdf)                    size: 11271 bytes
(epstopdf)             Command: <repstopdf --outfile=./figures/Sector6Theta6-ep
s-converted-to.pdf figures/Sector6Theta6.eps>
(epstopdf)             \includegraphics on input line 268.
Package epstopdf Info: Output file is already uptodate.


pdfTeX warning: /usr/bin/pdflatex (file ./figures/Sector6Theta6-eps-converted-t
o.pdf): PDF inclusion: found PDF version <1.7>, but at most version <1.5> allow
ed

<./figures/Sector6Theta6-eps-converted-to.pdf, id=432, 569.12625pt x 388.45125p
t>
File: ./figures/Sector6Theta6-eps-converted-to.pdf Graphic file (type pdf)
 <use ./figures/Sector6Theta6-eps-converted-to.pdf>
Package pdftex.def Info: ./figures/Sector6Theta6-eps-converted-to.pdf used on i
nput line 268.
(pdftex.def)             Requested size: 108.405pt x 73.99023pt.

Overfull \hbox (14.45543pt too wide) in paragraph at lines 268--269
[][] 
 []

Package epstopdf Info: Source file: <figures/Sector6Theta7.eps>
(epstopdf)                    date: 2018-09-18 18:19:10
(epstopdf)                    size: 19034 bytes
(epstopdf)             Output file: <./figures/Sector6Theta7-eps-converted-to.p
df>
(epstopdf)                    date: 2018-09-18 18:19:42
(epstopdf)                    size: 11251 bytes
(epstopdf)             Command: <repstopdf --outfile=./figures/Sector6Theta7-ep
s-converted-to.pdf figures/Sector6Theta7.eps>
(epstopdf)             \includegraphics on input line 272.
Package epstopdf Info: Output file is already uptodate.


pdfTeX warning: /usr/bin/pdflatex (file ./figures/Sector6Theta7-eps-converted-t
o.pdf): PDF inclusion: found PDF version <1.7>, but at most version <1.5> allow
ed

<./figures/Sector6Theta7-eps-converted-to.pdf, id=433, 569.12625pt x 388.45125p
t>
File: ./figures/Sector6Theta7-eps-converted-to.pdf Graphic file (type pdf)
 <use ./figures/Sector6Theta7-eps-converted-to.pdf>
Package pdftex.def Info: ./figures/Sector6Theta7-eps-converted-to.pdf used on i
nput line 272.
(pdftex.def)             Requested size: 108.405pt x 73.99023pt.

Overfull \hbox (14.45543pt too wide) in paragraph at lines 272--273
[][] 
 []

Package epstopdf Info: Source file: <figures/Sector6Theta8.eps>
(epstopdf)                    date: 2018-09-18 18:19:10
(epstopdf)                    size: 18426 bytes
(epstopdf)             Output file: <./figures/Sector6Theta8-eps-converted-to.p
df>
(epstopdf)                    date: 2018-09-18 18:19:42
(epstopdf)                    size: 10838 bytes
(epstopdf)             Command: <repstopdf --outfile=./figures/Sector6Theta8-ep
s-converted-to.pdf figures/Sector6Theta8.eps>
(epstopdf)             \includegraphics on input line 276.
Package epstopdf Info: Output file is already uptodate.


pdfTeX warning: /usr/bin/pdflatex (file ./figures/Sector6Theta8-eps-converted-t
o.pdf): PDF inclusion: found PDF version <1.7>, but at most version <1.5> allow
ed

<./figures/Sector6Theta8-eps-converted-to.pdf, id=434, 569.12625pt x 388.45125p
t>
File: ./figures/Sector6Theta8-eps-converted-to.pdf Graphic file (type pdf)
 <use ./figures/Sector6Theta8-eps-converted-to.pdf>
Package pdftex.def Info: ./figures/Sector6Theta8-eps-converted-to.pdf used on i
nput line 276.
(pdftex.def)             Requested size: 108.405pt x 73.99023pt.

Overfull \hbox (14.45543pt too wide) in paragraph at lines 276--277
[][] 
 []

[4 <./figures/Sector5Theta1-eps-converted-to.pdf> <./figures/Sector5Theta2-eps-
converted-to.pdf> <./figures/Sector5Theta3-eps-converted-to.pdf> <./figures/Sec
tor5Theta4-eps-converted-to.pdf> <./figures/Sector5Theta5-eps-converted-to.pdf>
 <./figures/Sector5Theta6-eps-converted-to.pdf> <./figures/Sector5Theta7-eps-co
nverted-to.pdf> <./figures/Sector5Theta8-eps-converted-to.pdf> <./figures/Secto
r6Theta1-eps-converted-to.pdf> <./figures/Sector6Theta2-eps-converted-to.pdf> <
./figures/Sector6Theta3-eps-converted-to.pdf> <./figures/Sector6Theta4-eps-conv
erted-to.pdf> <./figures/Sector6Theta5-eps-converted-to.pdf> <./figures/Sector6
Theta6-eps-converted-to.pdf> <./figures/Sector6Theta7-eps-converted-to.pdf> <./
figures/Sector6Theta8-eps-converted-to.pdf>]
<figures/run2391_5c64_efac100.pdf, id=600, 569.12625pt x 295.1025pt>
File: figures/run2391_5c64_efac100.pdf Graphic file (type pdf)

<use figures/run2391_5c64_efac100.pdf>
Package pdftex.def Info: figures/run2391_5c64_efac100.pdf used on input line 28
7.
(pdftex.def)             Requested size: 469.7781pt x 243.58862pt.
 [5 <./figures/run2391_5c64_efac100.pdf, page is rotated 90 degrees>] (./run239
1.aux) ) 
Here is how much of TeX's memory you used:
 4988 strings out of 493041
 79095 string characters out of 6137190
 141462 words of memory out of 5000000
 8376 multiletter control sequences out of 15000+600000
 11482 words of font info for 45 fonts, out of 8000000 for 9000
 1137 hyphenation exceptions out of 8191
 42i,8n,40p,306b,390s stack positions out of 5000i,500n,10000p,200000b,80000s
</usr/share/texlive/texmf-dist/fonts/type1/public/amsfonts/cm/cmbx12.pf
b></usr/share/texlive/texmf-dist/fonts/type1/public/amsfonts/cm/cmmi12.pfb></us
r/share/texlive/texmf-dist/fonts/type1/public/amsfonts/cm/cmmi8.pfb></usr/share
/texlive/texmf-dist/fonts/type1/public/amsfonts/cm/cmr12.pfb></usr/share/texliv
e/texmf-dist/fonts/type1/public/amsfonts/cm/cmr17.pfb></usr/share/texlive/texmf
-dist/fonts/type1/public/amsfonts/cm/cmr8.pfb></usr/share/texlive/texmf-dist/fo
nts/type1/public/amsfonts/cm/cmsy10.pfb></usr/share/texlive/texmf-dist/fonts/ty
pe1/public/amsfonts/cm/cmsy8.pfb></usr/share/texlive/texmf-dist/fonts/type1/pub
lic/amsfonts/cm/cmtt12.pfb>
Output written on run2391.pdf (5 pages, 507682 bytes).
PDF statistics:
 676 PDF objects out of 1000 (max. 8388607)
 459 compressed objects within 5 object streams
 0 named destinations out of 1000 (max. 500000)
 251 words of extra memory for PDF output out of 10000 (max. 10000000)

